Using pre-set license
Built from '2020.3/staging' branch; Version is '2020.3.14f1 (d0d1bb862f9d) revision 13685179'; Using compiler version '192528614'; Build Type 'Release'
OS: 'Windows 10 Home Single Language; OS build 19042.1237; Version 2009; 64bit' Language: 'ru' Physical Memory: 6029 MB
BatchMode: 1, IsHumanControllingUs: 0, StartBugReporterOnCrash: 0, Is64bit: 1, IsPro: 0

 COMMAND LINE ARGUMENTS:
D:\Unity\2020.3.14f1\Editor\Unity.exe
-adb2
-batchMode
-noUpm
-name
AssetImportWorker1
-projectPath
D:/ПРОЕКТЫ/EPAM-training-project/EPAM training project
-logFile
Logs/AssetImportWorker1.log
-srvPort
55859
Successfully changed project path to: D:/ПРОЕКТЫ/EPAM-training-project/EPAM training project
D:/ПРОЕКТЫ/EPAM-training-project/EPAM training project
Using Asset Import Pipeline V2.
Refreshing native plugins compatible for Editor in 131.04 ms, found 3 plugins.
Preloading 0 native plugins for Editor in 0.00 ms.
Initialize engine version: 2020.3.14f1 (d0d1bb862f9d)
[Subsystems] Discovering subsystems at path D:/Unity/2020.3.14f1/Editor/Data/Resources/UnitySubsystems
[Subsystems] Discovering subsystems at path D:/ПРОЕКТЫ/EPAM-training-project/EPAM training project/Assets
GfxDevice: creating device client; threaded=0
Direct3D:
    Version:  Direct3D 11.0 [level 11.0]
    Renderer: NVIDIA GeForce GT 740M (ID=0xfdf)
    Vendor:   
    VRAM:     2009 MB
    Driver:   24.21.13.9811
Initialize mono
Mono path[0] = 'D:/Unity/2020.3.14f1/Editor/Data/Managed'
Mono path[1] = 'D:/Unity/2020.3.14f1/Editor/Data/MonoBleedingEdge/lib/mono/unityjit'
Mono config path = 'D:/Unity/2020.3.14f1/Editor/Data/MonoBleedingEdge/etc'
Using monoOptions --debugger-agent=transport=dt_socket,embedding=1,server=y,suspend=n,address=127.0.0.1:56456
Begin MonoManager ReloadAssembly
Registering precompiled unity dll's ...
Register platform support module: D:/Unity/2020.3.14f1/Editor/Data/PlaybackEngines/WebGLSupport/UnityEditor.WebGL.Extensions.dll
Register platform support module: D:/Unity/2020.3.14f1/Editor/Data/PlaybackEngines/MacStandaloneSupport/UnityEditor.OSXStandalone.Extensions.dll
Register platform support module: D:/Unity/2020.3.14f1/Editor/Data/PlaybackEngines/WindowsStandaloneSupport/UnityEditor.WindowsStandalone.Extensions.dll
Register platform support module: D:/Unity/2020.3.14f1/Editor/Data/PlaybackEngines/LinuxStandaloneSupport/UnityEditor.LinuxStandalone.Extensions.dll
Register platform support module: D:/Unity/2020.3.14f1/Editor/Data/PlaybackEngines/LuminSupport/UnityEditor.Lumin.Extensions.dll
Registered in 0.004341 seconds.
Native extension for Lumin target not found
Native extension for LinuxStandalone target not found
Native extension for WindowsStandalone target not found
Native extension for OSXStandalone target not found
Native extension for WebGL target not found
Refreshing native plugins compatible for Editor in 94.88 ms, found 3 plugins.
Preloading 0 native plugins for Editor in 0.00 ms.
Mono: successfully reloaded assembly
- Completed reload, in  3.188 seconds
Domain Reload Profiling:
	ReloadAssembly (3188ms)
		BeginReloadAssembly (121ms)
			ExecutionOrderSort (0ms)
			DisableScriptedObjects (0ms)
			BackupInstance (0ms)
			ReleaseScriptingObjects (0ms)
			CreateAndSetChildDomain (2ms)
		EndReloadAssembly (1032ms)
			LoadAssemblies (121ms)
			RebuildTransferFunctionScriptingTraits (0ms)
			SetupTypeCache (393ms)
			ReleaseScriptCaches (0ms)
			RebuildScriptCaches (78ms)
			SetupLoadedEditorAssemblies (384ms)
				LogAssemblyErrors (0ms)
				InitializePlatformSupportModulesInManaged (20ms)
				SetLoadedEditorAssemblies (0ms)
				RefreshPlugins (95ms)
				BeforeProcessingInitializeOnLoad (15ms)
				ProcessInitializeOnLoadAttributes (186ms)
				ProcessInitializeOnLoadMethodAttributes (67ms)
				AfterProcessingInitializeOnLoad (0ms)
				EditorAssembliesLoaded (0ms)
			ExecutionOrderSort2 (0ms)
			AwakeInstancesAfterBackupRestoration (0ms)
Platform modules already initialized, skipping
Registering precompiled user dll's ...
Registered in 0.007565 seconds.
Begin MonoManager ReloadAssembly
Native extension for Lumin target not found
Native extension for LinuxStandalone target not found
Native extension for WindowsStandalone target not found
Native extension for OSXStandalone target not found
Native extension for WebGL target not found
Refreshing native plugins compatible for Editor in 90.73 ms, found 3 plugins.
Preloading 0 native plugins for Editor in 0.00 ms.
Mono: successfully reloaded assembly
- Completed reload, in  2.650 seconds
Domain Reload Profiling:
	ReloadAssembly (2651ms)
		BeginReloadAssembly (356ms)
			ExecutionOrderSort (0ms)
			DisableScriptedObjects (14ms)
			BackupInstance (0ms)
			ReleaseScriptingObjects (0ms)
			CreateAndSetChildDomain (41ms)
		EndReloadAssembly (2164ms)
			LoadAssemblies (208ms)
			RebuildTransferFunctionScriptingTraits (0ms)
			SetupTypeCache (734ms)
			ReleaseScriptCaches (1ms)
			RebuildScriptCaches (115ms)
			SetupLoadedEditorAssemblies (780ms)
				LogAssemblyErrors (0ms)
				InitializePlatformSupportModulesInManaged (14ms)
				SetLoadedEditorAssemblies (0ms)
				RefreshPlugins (91ms)
				BeforeProcessingInitializeOnLoad (138ms)
				ProcessInitializeOnLoadAttributes (510ms)
				ProcessInitializeOnLoadMethodAttributes (21ms)
				AfterProcessingInitializeOnLoad (5ms)
				EditorAssembliesLoaded (1ms)
			ExecutionOrderSort2 (0ms)
			AwakeInstancesAfterBackupRestoration (14ms)
Platform modules already initialized, skipping
========================================================================
Worker process is ready to serve import requests
Launched and connected shader compiler UnityShaderCompiler.exe after 0.29 seconds
Refreshing native plugins compatible for Editor in 0.68 ms, found 3 plugins.
Preloading 0 native plugins for Editor in 0.00 ms.
Unloading 1959 Unused Serialized files (Serialized files now loaded: 0)
System memory in use before: 102.2 MB.
System memory in use after: 102.3 MB.

Unloading 25 unused Assets to reduce memory usage. Loaded Objects now: 2414.
Total: 9.130300 ms (FindLiveObjects: 2.408300 ms CreateObjectMapping: 0.273100 ms MarkObjects: 6.259100 ms  DeleteObjects: 0.187200 ms)

AssetImportParameters requested are different than current active one (requested -> active):
  custom:framework-win-MediaFoundation: 216162199b28c13a410421893ffa2e32 -> 
  custom:video-decoder-ogg-theora: a1e56fd34408186e4bbccfd4996cb3dc -> 
  custom:container-muxer-webm: aa71ff27fc2769a1b78a27578f13a17b -> 
  custom:container-demuxer-webm: 4f35f7cbe854078d1ac9338744f61a02 -> 
  custom:container-demuxer-ogg: 62fdf1f143b41e24485cea50d1cbac27 -> 
  custom:video-encoder-webm-vp8: eb34c28f22e8b96e1ab97ce403110664 -> 
  custom:video-decoder-webm-vp8: 9c59270c3fd7afecdb556c50c9e8de78 -> 
  custom:audio-decoder-ogg-vorbis: bf7c407c2cedff20999df2af8eb42d56 -> 
  custom:audio-encoder-webm-vorbis: bf7c407c2cedff20999df2af8eb42d56 -> 
========================================================================
Received Import Request.
  path: Assets/Scripts/Bullet.cs
  artifactKey: Guid(848da79de4f053c43ba93e8d94cec94c) Importer(815301076,1909f56bfc062723c751e8b465ee728b)
Start importing Assets/Scripts/Bullet.cs using Guid(848da79de4f053c43ba93e8d94cec94c) Importer(815301076,1909f56bfc062723c751e8b465ee728b)  -> (artifact id: 'cd1ff04387fee86ceb48cd3e5fd3b805') in 0.261666 seconds 
  Import took 0.287876 seconds .

========================================================================
Received Prepare
Registering precompiled user dll's ...
Registered in 0.005172 seconds.
Begin MonoManager ReloadAssembly
Native extension for Lumin target not found
Native extension for LinuxStandalone target not found
Native extension for WindowsStandalone target not found
Native extension for OSXStandalone target not found
Native extension for WebGL target not found
Refreshing native plugins compatible for Editor in 0.70 ms, found 3 plugins.
Preloading 0 native plugins for Editor in 0.00 ms.
Mono: successfully reloaded assembly
- Completed reload, in  1.712 seconds
Domain Reload Profiling:
	ReloadAssembly (1713ms)
		BeginReloadAssembly (206ms)
			ExecutionOrderSort (0ms)
			DisableScriptedObjects (14ms)
			BackupInstance (0ms)
			ReleaseScriptingObjects (0ms)
			CreateAndSetChildDomain (52ms)
		EndReloadAssembly (1394ms)
			LoadAssemblies (170ms)
			RebuildTransferFunctionScriptingTraits (0ms)
			SetupTypeCache (526ms)
			ReleaseScriptCaches (1ms)
			RebuildScriptCaches (73ms)
			SetupLoadedEditorAssemblies (474ms)
				LogAssemblyErrors (0ms)
				InitializePlatformSupportModulesInManaged (12ms)
				SetLoadedEditorAssemblies (1ms)
				RefreshPlugins (1ms)
				BeforeProcessingInitializeOnLoad (85ms)
				ProcessInitializeOnLoadAttributes (365ms)
				ProcessInitializeOnLoadMethodAttributes (6ms)
				AfterProcessingInitializeOnLoad (4ms)
				EditorAssembliesLoaded (0ms)
			ExecutionOrderSort2 (0ms)
			AwakeInstancesAfterBackupRestoration (17ms)
Platform modules already initialized, skipping
Refreshing native plugins compatible for Editor in 0.62 ms, found 3 plugins.
Preloading 0 native plugins for Editor in 0.00 ms.
Unloading 1951 Unused Serialized files (Serialized files now loaded: 0)
System memory in use before: 101.9 MB.
System memory in use after: 102.0 MB.

Unloading 17 unused Assets to reduce memory usage. Loaded Objects now: 2418.
Total: 3.734200 ms (FindLiveObjects: 0.324600 ms CreateObjectMapping: 0.278700 ms MarkObjects: 3.013300 ms  DeleteObjects: 0.115400 ms)

AssetImportParameters requested are different than current active one (requested -> active):
  custom:framework-win-MediaFoundation: 216162199b28c13a410421893ffa2e32 -> 
  custom:video-decoder-ogg-theora: a1e56fd34408186e4bbccfd4996cb3dc -> 
  custom:container-muxer-webm: aa71ff27fc2769a1b78a27578f13a17b -> 
  custom:container-demuxer-webm: 4f35f7cbe854078d1ac9338744f61a02 -> 
  custom:container-demuxer-ogg: 62fdf1f143b41e24485cea50d1cbac27 -> 
  custom:video-encoder-webm-vp8: eb34c28f22e8b96e1ab97ce403110664 -> 
  custom:video-decoder-webm-vp8: 9c59270c3fd7afecdb556c50c9e8de78 -> 
  custom:audio-decoder-ogg-vorbis: bf7c407c2cedff20999df2af8eb42d56 -> 
  custom:audio-encoder-webm-vorbis: bf7c407c2cedff20999df2af8eb42d56 -> 
========================================================================
Received Import Request.
  Time since last request: 28.695084 seconds.
  path: Assets/Scripts/Bullet.cs
  artifactKey: Guid(848da79de4f053c43ba93e8d94cec94c) Importer(815301076,1909f56bfc062723c751e8b465ee728b)
Start importing Assets/Scripts/Bullet.cs using Guid(848da79de4f053c43ba93e8d94cec94c) Importer(815301076,1909f56bfc062723c751e8b465ee728b)  -> (artifact id: '25fb0be8292184cb19315d0fcc582261') in 0.007230 seconds 
  Import took 0.060159 seconds .

========================================================================
Received Prepare
Registering precompiled user dll's ...
Registered in 0.005196 seconds.
Begin MonoManager ReloadAssembly
Native extension for Lumin target not found
Native extension for LinuxStandalone target not found
Native extension for WindowsStandalone target not found
Native extension for OSXStandalone target not found
Native extension for WebGL target not found
Refreshing native plugins compatible for Editor in 0.62 ms, found 3 plugins.
Preloading 0 native plugins for Editor in 0.00 ms.
Mono: successfully reloaded assembly
- Completed reload, in  1.544 seconds
Domain Reload Profiling:
	ReloadAssembly (1545ms)
		BeginReloadAssembly (162ms)
			ExecutionOrderSort (0ms)
			DisableScriptedObjects (9ms)
			BackupInstance (0ms)
			ReleaseScriptingObjects (0ms)
			CreateAndSetChildDomain (56ms)
		EndReloadAssembly (1290ms)
			LoadAssemblies (142ms)
			RebuildTransferFunctionScriptingTraits (0ms)
			SetupTypeCache (452ms)
			ReleaseScriptCaches (1ms)
			RebuildScriptCaches (69ms)
			SetupLoadedEditorAssemblies (463ms)
				LogAssemblyErrors (0ms)
				InitializePlatformSupportModulesInManaged (13ms)
				SetLoadedEditorAssemblies (1ms)
				RefreshPlugins (1ms)
				BeforeProcessingInitializeOnLoad (90ms)
				ProcessInitializeOnLoadAttributes (349ms)
				ProcessInitializeOnLoadMethodAttributes (6ms)
				AfterProcessingInitializeOnLoad (4ms)
				EditorAssembliesLoaded (0ms)
			ExecutionOrderSort2 (0ms)
			AwakeInstancesAfterBackupRestoration (16ms)
Platform modules already initialized, skipping
Refreshing native plugins compatible for Editor in 0.76 ms, found 3 plugins.
Preloading 0 native plugins for Editor in 0.00 ms.
Unloading 1951 Unused Serialized files (Serialized files now loaded: 0)
System memory in use before: 101.9 MB.
System memory in use after: 102.0 MB.

Unloading 17 unused Assets to reduce memory usage. Loaded Objects now: 2422.
Total: 3.190200 ms (FindLiveObjects: 0.351500 ms CreateObjectMapping: 0.117200 ms MarkObjects: 2.615200 ms  DeleteObjects: 0.103600 ms)

AssetImportParameters requested are different than current active one (requested -> active):
  custom:framework-win-MediaFoundation: 216162199b28c13a410421893ffa2e32 -> 
  custom:video-decoder-ogg-theora: a1e56fd34408186e4bbccfd4996cb3dc -> 
  custom:container-muxer-webm: aa71ff27fc2769a1b78a27578f13a17b -> 
  custom:container-demuxer-webm: 4f35f7cbe854078d1ac9338744f61a02 -> 
  custom:container-demuxer-ogg: 62fdf1f143b41e24485cea50d1cbac27 -> 
  custom:video-encoder-webm-vp8: eb34c28f22e8b96e1ab97ce403110664 -> 
  custom:video-decoder-webm-vp8: 9c59270c3fd7afecdb556c50c9e8de78 -> 
  custom:audio-decoder-ogg-vorbis: bf7c407c2cedff20999df2af8eb42d56 -> 
  custom:audio-encoder-webm-vorbis: bf7c407c2cedff20999df2af8eb42d56 -> 
========================================================================
Received Import Request.
  Time since last request: 673.977728 seconds.
  path: Assets/Prefabs/Walls.prefab
  artifactKey: Guid(5d79f55fac05fbb4ab6c95e3e2c025bb) Importer(815301076,1909f56bfc062723c751e8b465ee728b)
Start importing Assets/Prefabs/Walls.prefab using Guid(5d79f55fac05fbb4ab6c95e3e2c025bb) Importer(815301076,1909f56bfc062723c751e8b465ee728b)  -> (artifact id: '65d247c8f772616d52c73bf99a0dbf61') in 0.160632 seconds 
  Import took 0.210527 seconds .

========================================================================
Received Prepare
Registering precompiled user dll's ...
Registered in 0.037788 seconds.
Begin MonoManager ReloadAssembly
Native extension for Lumin target not found
Native extension for LinuxStandalone target not found
Native extension for WindowsStandalone target not found
Native extension for OSXStandalone target not found
Native extension for WebGL target not found
Refreshing native plugins compatible for Editor in 1.30 ms, found 3 plugins.
Preloading 0 native plugins for Editor in 0.00 ms.
Mono: successfully reloaded assembly
- Completed reload, in  2.701 seconds
Domain Reload Profiling:
	ReloadAssembly (2703ms)
		BeginReloadAssembly (279ms)
			ExecutionOrderSort (0ms)
			DisableScriptedObjects (14ms)
			BackupInstance (0ms)
			ReleaseScriptingObjects (0ms)
			CreateAndSetChildDomain (90ms)
		EndReloadAssembly (2265ms)
			LoadAssemblies (242ms)
			RebuildTransferFunctionScriptingTraits (0ms)
			SetupTypeCache (831ms)
			ReleaseScriptCaches (2ms)
			RebuildScriptCaches (119ms)
			SetupLoadedEditorAssemblies (774ms)
				LogAssemblyErrors (0ms)
				InitializePlatformSupportModulesInManaged (22ms)
				SetLoadedEditorAssemblies (1ms)
				RefreshPlugins (1ms)
				BeforeProcessingInitializeOnLoad (132ms)
				ProcessInitializeOnLoadAttributes (599ms)
				ProcessInitializeOnLoadMethodAttributes (10ms)
				AfterProcessingInitializeOnLoad (7ms)
				EditorAssembliesLoaded (0ms)
			ExecutionOrderSort2 (0ms)
			AwakeInstancesAfterBackupRestoration (33ms)
Platform modules already initialized, skipping
Refreshing native plugins compatible for Editor in 2.55 ms, found 3 plugins.
Preloading 0 native plugins for Editor in 0.00 ms.
Unloading 1951 Unused Serialized files (Serialized files now loaded: 0)
System memory in use before: 101.9 MB.
System memory in use after: 102.0 MB.

Unloading 17 unused Assets to reduce memory usage. Loaded Objects now: 2426.
Total: 5.601300 ms (FindLiveObjects: 0.773200 ms CreateObjectMapping: 0.357700 ms MarkObjects: 4.306400 ms  DeleteObjects: 0.159700 ms)

AssetImportParameters requested are different than current active one (requested -> active):
  custom:framework-win-MediaFoundation: 216162199b28c13a410421893ffa2e32 -> 
  custom:video-decoder-ogg-theora: a1e56fd34408186e4bbccfd4996cb3dc -> 
  custom:container-muxer-webm: aa71ff27fc2769a1b78a27578f13a17b -> 
  custom:container-demuxer-webm: 4f35f7cbe854078d1ac9338744f61a02 -> 
  custom:container-demuxer-ogg: 62fdf1f143b41e24485cea50d1cbac27 -> 
  custom:video-encoder-webm-vp8: eb34c28f22e8b96e1ab97ce403110664 -> 
  custom:video-decoder-webm-vp8: 9c59270c3fd7afecdb556c50c9e8de78 -> 
  custom:audio-decoder-ogg-vorbis: bf7c407c2cedff20999df2af8eb42d56 -> 
  custom:audio-encoder-webm-vorbis: bf7c407c2cedff20999df2af8eb42d56 -> 
========================================================================
Received Import Request.
  Time since last request: 73.058891 seconds.
  path: Assets/Prefabs/Walls.prefab
  artifactKey: Guid(5d79f55fac05fbb4ab6c95e3e2c025bb) Importer(815301076,1909f56bfc062723c751e8b465ee728b)
Start importing Assets/Prefabs/Walls.prefab using Guid(5d79f55fac05fbb4ab6c95e3e2c025bb) Importer(815301076,1909f56bfc062723c751e8b465ee728b)  -> (artifact id: '75a048fcd645d2d9715c91cc74d2ff11') in 0.055610 seconds 
  Import took 0.095264 seconds .

========================================================================
Received Prepare
Registering precompiled user dll's ...
Registered in 0.004328 seconds.
Begin MonoManager ReloadAssembly
Native extension for Lumin target not found
Native extension for LinuxStandalone target not found
Native extension for WindowsStandalone target not found
Native extension for OSXStandalone target not found
Native extension for WebGL target not found
Refreshing native plugins compatible for Editor in 0.64 ms, found 3 plugins.
Preloading 0 native plugins for Editor in 0.00 ms.
Mono: successfully reloaded assembly
- Completed reload, in  1.692 seconds
Domain Reload Profiling:
	ReloadAssembly (1692ms)
		BeginReloadAssembly (177ms)
			ExecutionOrderSort (0ms)
			DisableScriptedObjects (10ms)
			BackupInstance (0ms)
			ReleaseScriptingObjects (0ms)
			CreateAndSetChildDomain (61ms)
		EndReloadAssembly (1417ms)
			LoadAssemblies (146ms)
			RebuildTransferFunctionScriptingTraits (0ms)
			SetupTypeCache (486ms)
			ReleaseScriptCaches (1ms)
			RebuildScriptCaches (81ms)
			SetupLoadedEditorAssemblies (521ms)
				LogAssemblyErrors (0ms)
				InitializePlatformSupportModulesInManaged (13ms)
				SetLoadedEditorAssemblies (1ms)
				RefreshPlugins (1ms)
				BeforeProcessingInitializeOnLoad (100ms)
				ProcessInitializeOnLoadAttributes (396ms)
				ProcessInitializeOnLoadMethodAttributes (7ms)
				AfterProcessingInitializeOnLoad (4ms)
				EditorAssembliesLoaded (0ms)
			ExecutionOrderSort2 (0ms)
			AwakeInstancesAfterBackupRestoration (17ms)
Platform modules already initialized, skipping
Refreshing native plugins compatible for Editor in 0.62 ms, found 3 plugins.
Preloading 0 native plugins for Editor in 0.00 ms.
Unloading 1951 Unused Serialized files (Serialized files now loaded: 0)
System memory in use before: 102.0 MB.
System memory in use after: 102.0 MB.

Unloading 17 unused Assets to reduce memory usage. Loaded Objects now: 2430.
Total: 3.492200 ms (FindLiveObjects: 0.309200 ms CreateObjectMapping: 0.220600 ms MarkObjects: 2.851700 ms  DeleteObjects: 0.108600 ms)

AssetImportParameters requested are different than current active one (requested -> active):
  custom:framework-win-MediaFoundation: 216162199b28c13a410421893ffa2e32 -> 
  custom:video-decoder-ogg-theora: a1e56fd34408186e4bbccfd4996cb3dc -> 
  custom:container-muxer-webm: aa71ff27fc2769a1b78a27578f13a17b -> 
  custom:container-demuxer-webm: 4f35f7cbe854078d1ac9338744f61a02 -> 
  custom:container-demuxer-ogg: 62fdf1f143b41e24485cea50d1cbac27 -> 
  custom:video-encoder-webm-vp8: eb34c28f22e8b96e1ab97ce403110664 -> 
  custom:video-decoder-webm-vp8: 9c59270c3fd7afecdb556c50c9e8de78 -> 
  custom:audio-decoder-ogg-vorbis: bf7c407c2cedff20999df2af8eb42d56 -> 
  custom:audio-encoder-webm-vorbis: bf7c407c2cedff20999df2af8eb42d56 -> 
========================================================================
Received Import Request.
  Time since last request: 54.955078 seconds.
  path: Assets/Prefabs/Bullet 1.prefab
  artifactKey: Guid(d0e9fa1c5bd2bf44f9709c1170f6557a) Importer(815301076,1909f56bfc062723c751e8b465ee728b)
Start importing Assets/Prefabs/Bullet 1.prefab using Guid(d0e9fa1c5bd2bf44f9709c1170f6557a) Importer(815301076,1909f56bfc062723c751e8b465ee728b)  -> (artifact id: 'f0cce2869490a1df9b38ba0453d20049') in 0.292266 seconds 
  Import took 0.317389 seconds .

========================================================================
Received Prepare
Registering precompiled user dll's ...
Registered in 0.006370 seconds.
Begin MonoManager ReloadAssembly
Native extension for Lumin target not found
Native extension for LinuxStandalone target not found
Native extension for WindowsStandalone target not found
Native extension for OSXStandalone target not found
Native extension for WebGL target not found
Refreshing native plugins compatible for Editor in 0.62 ms, found 3 plugins.
Preloading 0 native plugins for Editor in 0.00 ms.
Mono: successfully reloaded assembly
- Completed reload, in  1.701 seconds
Domain Reload Profiling:
	ReloadAssembly (1702ms)
		BeginReloadAssembly (190ms)
			ExecutionOrderSort (0ms)
			DisableScriptedObjects (8ms)
			BackupInstance (0ms)
			ReleaseScriptingObjects (0ms)
			CreateAndSetChildDomain (61ms)
		EndReloadAssembly (1388ms)
			LoadAssemblies (157ms)
			RebuildTransferFunctionScriptingTraits (0ms)
			SetupTypeCache (515ms)
			ReleaseScriptCaches (2ms)
			RebuildScriptCaches (77ms)
			SetupLoadedEditorAssemblies (462ms)
				LogAssemblyErrors (0ms)
				InitializePlatformSupportModulesInManaged (12ms)
				SetLoadedEditorAssemblies (1ms)
				RefreshPlugins (1ms)
				BeforeProcessingInitializeOnLoad (85ms)
				ProcessInitializeOnLoadAttributes (353ms)
				ProcessInitializeOnLoadMethodAttributes (6ms)
				AfterProcessingInitializeOnLoad (4ms)
				EditorAssembliesLoaded (0ms)
			ExecutionOrderSort2 (0ms)
			AwakeInstancesAfterBackupRestoration (17ms)
Platform modules already initialized, skipping
Refreshing native plugins compatible for Editor in 0.77 ms, found 3 plugins.
Preloading 0 native plugins for Editor in 0.00 ms.
Unloading 1951 Unused Serialized files (Serialized files now loaded: 0)
System memory in use before: 105.1 MB.
System memory in use after: 105.2 MB.

Unloading 17 unused Assets to reduce memory usage. Loaded Objects now: 2442.
Total: 3.944800 ms (FindLiveObjects: 0.332000 ms CreateObjectMapping: 0.217400 ms MarkObjects: 3.286400 ms  DeleteObjects: 0.106800 ms)

AssetImportParameters requested are different than current active one (requested -> active):
  custom:framework-win-MediaFoundation: 216162199b28c13a410421893ffa2e32 -> 
  custom:video-decoder-ogg-theora: a1e56fd34408186e4bbccfd4996cb3dc -> 
  custom:container-muxer-webm: aa71ff27fc2769a1b78a27578f13a17b -> 
  custom:container-demuxer-webm: 4f35f7cbe854078d1ac9338744f61a02 -> 
  custom:container-demuxer-ogg: 62fdf1f143b41e24485cea50d1cbac27 -> 
  custom:video-encoder-webm-vp8: eb34c28f22e8b96e1ab97ce403110664 -> 
  custom:video-decoder-webm-vp8: 9c59270c3fd7afecdb556c50c9e8de78 -> 
  custom:audio-decoder-ogg-vorbis: bf7c407c2cedff20999df2af8eb42d56 -> 
  custom:audio-encoder-webm-vorbis: bf7c407c2cedff20999df2af8eb42d56 -> 
========================================================================
Received Import Request.
  Time since last request: 792.767767 seconds.
  path: Assets/Models/Shop-4-GroundTile.obj
  artifactKey: Guid(5248f395548a0364a858acefa37908ac) Importer(815301076,1909f56bfc062723c751e8b465ee728b)
Start importing Assets/Models/Shop-4-GroundTile.obj using Guid(5248f395548a0364a858acefa37908ac) Importer(815301076,1909f56bfc062723c751e8b465ee728b)  -> (artifact id: '229096fbd28b84bae808150a1f6175b2') in 0.632000 seconds 
  Import took 0.665594 seconds .

========================================================================
Received Import Request.
  Time since last request: 0.000376 seconds.
  path: Assets/Models/Shop-4-GroundTile.png
  artifactKey: Guid(ff34a55615247c74ea03533a275ccc4d) Importer(815301076,1909f56bfc062723c751e8b465ee728b)
Start importing Assets/Models/Shop-4-GroundTile.png using Guid(ff34a55615247c74ea03533a275ccc4d) Importer(815301076,1909f56bfc062723c751e8b465ee728b)  -> (artifact id: '87e9d4619500d86973aeca66901b96d8') in 0.068788 seconds 
  Import took 0.081430 seconds .

========================================================================
Received Import Request.
  Time since last request: 9.141017 seconds.
  path: Assets/Models/Ground03
  artifactKey: Guid(1299a5e5524b3e04ea33d28db9a8ed74) Importer(815301076,1909f56bfc062723c751e8b465ee728b)
Start importing Assets/Models/Ground03 using Guid(1299a5e5524b3e04ea33d28db9a8ed74) Importer(815301076,1909f56bfc062723c751e8b465ee728b)  -> (artifact id: '822de7cc782537137a92c85a8515345d') in 0.018687 seconds 
  Import took 0.060536 seconds .

========================================================================
Received Import Request.
  Time since last request: 1.973063 seconds.
  path: Assets/Models/Shop-4-GroundTile.mtl
  artifactKey: Guid(e09d091886c452f40b9f0a5af5e6203d) Importer(815301076,1909f56bfc062723c751e8b465ee728b)
Start importing Assets/Models/Shop-4-GroundTile.mtl using Guid(e09d091886c452f40b9f0a5af5e6203d) Importer(815301076,1909f56bfc062723c751e8b465ee728b)  -> (artifact id: 'cc536822bfd11a00ffb6df135e12ccc9') in 0.011014 seconds 
  Import took 0.048135 seconds .

========================================================================
Received Import Request.
  Time since last request: 4.494960 seconds.
  path: Assets/Models/Ground03/Shop-4-GroundTile.obj
  artifactKey: Guid(5248f395548a0364a858acefa37908ac) Importer(815301076,1909f56bfc062723c751e8b465ee728b)
Start importing Assets/Models/Ground03/Shop-4-GroundTile.obj using Guid(5248f395548a0364a858acefa37908ac) Importer(815301076,1909f56bfc062723c751e8b465ee728b)  -> (artifact id: '43767a0bc7bf6488851fb17c28fe2a16') in 0.082518 seconds 
  Import took 0.098692 seconds .

========================================================================
Received Import Request.
  Time since last request: 6.959097 seconds.
  path: Assets/Models/Ground03/Shop-4-GroundTile.obj
  artifactKey: Guid(5248f395548a0364a858acefa37908ac) Importer(815301076,1909f56bfc062723c751e8b465ee728b)
Start importing Assets/Models/Ground03/Shop-4-GroundTile.obj using Guid(5248f395548a0364a858acefa37908ac) Importer(815301076,1909f56bfc062723c751e8b465ee728b)  -> (artifact id: '5efb2d12e9fca57ac78a8dc8db749bac') in 0.095843 seconds 
  Import took 0.120261 seconds .

========================================================================
Received Import Request.
  Time since last request: 12395.905524 seconds.
  path: Assets/Prefabs/Road.prefab
  artifactKey: Guid(e60f09e643d5d2644924d167869f5922) Importer(815301076,1909f56bfc062723c751e8b465ee728b)
Start importing Assets/Prefabs/Road.prefab using Guid(e60f09e643d5d2644924d167869f5922) Importer(815301076,1909f56bfc062723c751e8b465ee728b)  -> (artifact id: '93c8daed2c1e8330c03c679100a3e2ae') in 0.225142 seconds 
  Import took 0.356459 seconds .

========================================================================
Received Import Request.
  Time since last request: 24.924773 seconds.
  path: Assets/Prefabs/9 tiles.prefab
  artifactKey: Guid(01706af1c1bbaee4b9ad7c507da501f2) Importer(815301076,1909f56bfc062723c751e8b465ee728b)
Start importing Assets/Prefabs/9 tiles.prefab using Guid(01706af1c1bbaee4b9ad7c507da501f2) Importer(815301076,1909f56bfc062723c751e8b465ee728b)  -> (artifact id: 'fcf515cd7beb098f2b6f2a7b9cb97836') in 0.119470 seconds 
  Import took 0.157867 seconds .

========================================================================
Received Import Request.
  Time since last request: 0.000302 seconds.
  path: Assets/Prefabs/81 tiles.prefab
  artifactKey: Guid(63981d8ce4151a34782268c48376b31d) Importer(815301076,1909f56bfc062723c751e8b465ee728b)
Start importing Assets/Prefabs/81 tiles.prefab using Guid(63981d8ce4151a34782268c48376b31d) Importer(815301076,1909f56bfc062723c751e8b465ee728b)  -> (artifact id: 'bc9698fa43ab530716ca9e4d691e32c6') in 0.068268 seconds 
  Import took 0.095324 seconds .

========================================================================
Received Import Request.
  Time since last request: 2.794506 seconds.
  path: Assets/Prefabs/9 tiles.prefab
  artifactKey: Guid(01706af1c1bbaee4b9ad7c507da501f2) Importer(815301076,1909f56bfc062723c751e8b465ee728b)
Start importing Assets/Prefabs/9 tiles.prefab using Guid(01706af1c1bbaee4b9ad7c507da501f2) Importer(815301076,1909f56bfc062723c751e8b465ee728b)  -> (artifact id: '4d455f2493a383d760a3089fc4c3bfd3') in 0.031090 seconds 
  Import took 0.048397 seconds .

========================================================================
Received Import Request.
  Time since last request: 0.000390 seconds.
  path: Assets/Prefabs/81 tiles.prefab
  artifactKey: Guid(63981d8ce4151a34782268c48376b31d) Importer(815301076,1909f56bfc062723c751e8b465ee728b)
Start importing Assets/Prefabs/81 tiles.prefab using Guid(63981d8ce4151a34782268c48376b31d) Importer(815301076,1909f56bfc062723c751e8b465ee728b)  -> (artifact id: '35e0d1d249cdef9fa377bbaab6999e67') in 0.055426 seconds 
  Import took 0.067046 seconds .

========================================================================
Received Import Request.
  Time since last request: 1.386906 seconds.
  path: Assets/Prefabs/9 tiles.prefab
  artifactKey: Guid(01706af1c1bbaee4b9ad7c507da501f2) Importer(815301076,1909f56bfc062723c751e8b465ee728b)
Start importing Assets/Prefabs/9 tiles.prefab using Guid(01706af1c1bbaee4b9ad7c507da501f2) Importer(815301076,1909f56bfc062723c751e8b465ee728b)  -> (artifact id: 'bb6aedf8255a8c6e6574aa3658e0c88d') in 0.025658 seconds 
  Import took 0.034360 seconds .

========================================================================
Received Import Request.
  Time since last request: 0.009935 seconds.
  path: Assets/Prefabs/9 tiles.prefab
  artifactKey: Guid(01706af1c1bbaee4b9ad7c507da501f2) Importer(815301076,1909f56bfc062723c751e8b465ee728b)
Start importing Assets/Prefabs/9 tiles.prefab using Guid(01706af1c1bbaee4b9ad7c507da501f2) Importer(815301076,1909f56bfc062723c751e8b465ee728b)  -> (artifact id: 'bb6aedf8255a8c6e6574aa3658e0c88d') in 0.023871 seconds 
  Import took 0.044859 seconds .

========================================================================
Received Import Request.
  Time since last request: 0.000472 seconds.
  path: Assets/Prefabs/81 tiles.prefab
  artifactKey: Guid(63981d8ce4151a34782268c48376b31d) Importer(815301076,1909f56bfc062723c751e8b465ee728b)
Start importing Assets/Prefabs/81 tiles.prefab using Guid(63981d8ce4151a34782268c48376b31d) Importer(815301076,1909f56bfc062723c751e8b465ee728b)  -> (artifact id: 'b19b94d288e00f32e342bf5f909a4449') in 0.039655 seconds 
  Import took 0.068200 seconds .

========================================================================
Received Import Request.
  Time since last request: 14.039828 seconds.
  path: Assets/Prefabs/9 tiles.prefab
  artifactKey: Guid(01706af1c1bbaee4b9ad7c507da501f2) Importer(815301076,1909f56bfc062723c751e8b465ee728b)
Start importing Assets/Prefabs/9 tiles.prefab using Guid(01706af1c1bbaee4b9ad7c507da501f2) Importer(815301076,1909f56bfc062723c751e8b465ee728b)  -> (artifact id: '692a27186b2d96519bc700ecbb762693') in 0.034931 seconds 
  Import took 0.053593 seconds .

========================================================================
Received Import Request.
  Time since last request: 0.000336 seconds.
  path: Assets/Prefabs/81 tiles.prefab
  artifactKey: Guid(63981d8ce4151a34782268c48376b31d) Importer(815301076,1909f56bfc062723c751e8b465ee728b)
Start importing Assets/Prefabs/81 tiles.prefab using Guid(63981d8ce4151a34782268c48376b31d) Importer(815301076,1909f56bfc062723c751e8b465ee728b)  -> (artifact id: '84fac7f1bbb3860ea39618cde6d71351') in 0.070945 seconds 
  Import took 0.088905 seconds .

========================================================================
Received Import Request.
  Time since last request: 3.342657 seconds.
  path: Assets/Prefabs/9 tiles.prefab
  artifactKey: Guid(01706af1c1bbaee4b9ad7c507da501f2) Importer(815301076,1909f56bfc062723c751e8b465ee728b)
Start importing Assets/Prefabs/9 tiles.prefab using Guid(01706af1c1bbaee4b9ad7c507da501f2) Importer(815301076,1909f56bfc062723c751e8b465ee728b)  -> (artifact id: '8b38ec80f2cc51d03ab07732075d6d33') in 0.022566 seconds 
  Import took 0.044129 seconds .

========================================================================
Received Import Request.
  Time since last request: 0.000434 seconds.
  path: Assets/Prefabs/81 tiles.prefab
  artifactKey: Guid(63981d8ce4151a34782268c48376b31d) Importer(815301076,1909f56bfc062723c751e8b465ee728b)
Start importing Assets/Prefabs/81 tiles.prefab using Guid(63981d8ce4151a34782268c48376b31d) Importer(815301076,1909f56bfc062723c751e8b465ee728b)  -> (artifact id: '7ccf786e2d2761aa38a0031610a06695') in 0.035777 seconds 
  Import took 0.080657 seconds .

========================================================================
Received Import Request.
  Time since last request: 3.195061 seconds.
  path: Assets/Prefabs/9 tiles.prefab
  artifactKey: Guid(01706af1c1bbaee4b9ad7c507da501f2) Importer(815301076,1909f56bfc062723c751e8b465ee728b)
Start importing Assets/Prefabs/9 tiles.prefab using Guid(01706af1c1bbaee4b9ad7c507da501f2) Importer(815301076,1909f56bfc062723c751e8b465ee728b)  -> (artifact id: '184bc06a3978bf820ee7672ce3fd0625') in 0.023957 seconds 
  Import took 0.030296 seconds .

========================================================================
Received Import Request.
  Time since last request: 0.000474 seconds.
  path: Assets/Prefabs/81 tiles.prefab
  artifactKey: Guid(63981d8ce4151a34782268c48376b31d) Importer(815301076,1909f56bfc062723c751e8b465ee728b)
Start importing Assets/Prefabs/81 tiles.prefab using Guid(63981d8ce4151a34782268c48376b31d) Importer(815301076,1909f56bfc062723c751e8b465ee728b)  -> (artifact id: '13153cd7d21938bcc6d6a570f5a683d9') in 0.049188 seconds 
  Import took 0.070331 seconds .

========================================================================
Received Import Request.
  Time since last request: 7.077314 seconds.
  path: Assets/Prefabs/Road.prefab
  artifactKey: Guid(e60f09e643d5d2644924d167869f5922) Importer(815301076,1909f56bfc062723c751e8b465ee728b)
Start importing Assets/Prefabs/Road.prefab using Guid(e60f09e643d5d2644924d167869f5922) Importer(815301076,1909f56bfc062723c751e8b465ee728b)  -> (artifact id: '2ce0985b6be4e65f8f194598eaeb4cac') in 0.029460 seconds 
  Import took 0.064676 seconds .

========================================================================
Received Import Request.
  Time since last request: 128.233663 seconds.
  path: Assets/Prefabs/Half-road.prefab
  artifactKey: Guid(61cf1c00c29814140b634f14583c9c43) Importer(815301076,1909f56bfc062723c751e8b465ee728b)
Start importing Assets/Prefabs/Half-road.prefab using Guid(61cf1c00c29814140b634f14583c9c43) Importer(815301076,1909f56bfc062723c751e8b465ee728b)  -> (artifact id: 'cb1cd2ef1bf4f39b930f85c2e3d02fd8') in 0.036738 seconds 
  Import took 0.057214 seconds .

========================================================================
Received Import Request.
  Time since last request: 0.003388 seconds.
  path: Assets/Prefabs/Half-road.prefab
  artifactKey: Guid(61cf1c00c29814140b634f14583c9c43) Importer(815301076,1909f56bfc062723c751e8b465ee728b)
Start importing Assets/Prefabs/Half-road.prefab using Guid(61cf1c00c29814140b634f14583c9c43) Importer(815301076,1909f56bfc062723c751e8b465ee728b)  -> (artifact id: 'cb1cd2ef1bf4f39b930f85c2e3d02fd8') in 0.023081 seconds 
  Import took 0.029661 seconds .

========================================================================
Received Import Request.
  Time since last request: 28.620102 seconds.
  path: Assets/Prefabs/Green row.prefab
  artifactKey: Guid(5488ef0828eeb284bbb8f03d33945b21) Importer(815301076,1909f56bfc062723c751e8b465ee728b)
Start importing Assets/Prefabs/Green row.prefab using Guid(5488ef0828eeb284bbb8f03d33945b21) Importer(815301076,1909f56bfc062723c751e8b465ee728b)  -> (artifact id: '5a952ae68fbb6d8524563f8a26e4512b') in 0.036296 seconds 
  Import took 0.063206 seconds .

========================================================================
Received Import Request.
  Time since last request: 34.513061 seconds.
  path: Assets/Prefabs/Big field.prefab
  artifactKey: Guid(63981d8ce4151a34782268c48376b31d) Importer(815301076,1909f56bfc062723c751e8b465ee728b)
Start importing Assets/Prefabs/Big field.prefab using Guid(63981d8ce4151a34782268c48376b31d) Importer(815301076,1909f56bfc062723c751e8b465ee728b)  -> (artifact id: 'f8d96caaf4a951f35a243182f9a9723b') in 0.078504 seconds 
  Import took 0.095170 seconds .

========================================================================
Received Import Request.
  Time since last request: 69.690873 seconds.
  path: Assets/Prefabs/Big roads.prefab
  artifactKey: Guid(12550d1fafdb6b04ba51cfd6c899f260) Importer(815301076,1909f56bfc062723c751e8b465ee728b)
Start importing Assets/Prefabs/Big roads.prefab using Guid(12550d1fafdb6b04ba51cfd6c899f260) Importer(815301076,1909f56bfc062723c751e8b465ee728b)  -> (artifact id: '41e7b5ea4b17cbed9678be5d7da616d7') in 0.061830 seconds 
  Import took 0.088451 seconds .

========================================================================
Received Import Request.
  Time since last request: 0.002838 seconds.
  path: Assets/Prefabs/Big roads.prefab
  artifactKey: Guid(12550d1fafdb6b04ba51cfd6c899f260) Importer(815301076,1909f56bfc062723c751e8b465ee728b)
Start importing Assets/Prefabs/Big roads.prefab using Guid(12550d1fafdb6b04ba51cfd6c899f260) Importer(815301076,1909f56bfc062723c751e8b465ee728b)  -> (artifact id: '41e7b5ea4b17cbed9678be5d7da616d7') in 0.034031 seconds 
  Import took 0.044530 seconds .

========================================================================
Received Import Request.
  Time since last request: 25.352515 seconds.
  path: Assets/Prefabs/Planes
  artifactKey: Guid(b7d6fd80ea59ae64b95265d42ed14809) Importer(815301076,1909f56bfc062723c751e8b465ee728b)
Start importing Assets/Prefabs/Planes using Guid(b7d6fd80ea59ae64b95265d42ed14809) Importer(815301076,1909f56bfc062723c751e8b465ee728b)  -> (artifact id: 'fd16363a00edc5ea68ea49db005f6eba') in 0.013785 seconds 
  Import took 0.020979 seconds .

========================================================================
Received Import Request.
  Time since last request: 85.787461 seconds.
  path: Assets/Prefabs/Walls.prefab
  artifactKey: Guid(5d79f55fac05fbb4ab6c95e3e2c025bb) Importer(815301076,1909f56bfc062723c751e8b465ee728b)
Start importing Assets/Prefabs/Walls.prefab using Guid(5d79f55fac05fbb4ab6c95e3e2c025bb) Importer(815301076,1909f56bfc062723c751e8b465ee728b)  -> (artifact id: 'dd1493686c6b266035b2bde22dd8b60c') in 0.021732 seconds 
  Import took 0.039927 seconds .

========================================================================
Received Import Request.
  Time since last request: 15.270938 seconds.
  path: Assets/Prefabs/Walls.prefab
  artifactKey: Guid(5d79f55fac05fbb4ab6c95e3e2c025bb) Importer(815301076,1909f56bfc062723c751e8b465ee728b)
Start importing Assets/Prefabs/Walls.prefab using Guid(5d79f55fac05fbb4ab6c95e3e2c025bb) Importer(815301076,1909f56bfc062723c751e8b465ee728b)  -> (artifact id: '0747fb21ffb168ff84191bc8e44d8003') in 0.010909 seconds 
  Import took 0.031298 seconds .

========================================================================
Received Import Request.
  Time since last request: 3.500919 seconds.
  path: Assets/Prefabs/Walls.prefab
  artifactKey: Guid(5d79f55fac05fbb4ab6c95e3e2c025bb) Importer(815301076,1909f56bfc062723c751e8b465ee728b)
Start importing Assets/Prefabs/Walls.prefab using Guid(5d79f55fac05fbb4ab6c95e3e2c025bb) Importer(815301076,1909f56bfc062723c751e8b465ee728b)  -> (artifact id: '1fe7e633fca6eef67d2e4b3f0b63e42f') in 0.010487 seconds 
  Import took 0.033787 seconds .

========================================================================
Received Import Request.
  Time since last request: 69.187982 seconds.
  path: Assets/Models/Building01
  artifactKey: Guid(ebb37b7d5e67f404d8edecb263305a38) Importer(815301076,1909f56bfc062723c751e8b465ee728b)
Start importing Assets/Models/Building01 using Guid(ebb37b7d5e67f404d8edecb263305a38) Importer(815301076,1909f56bfc062723c751e8b465ee728b)  -> (artifact id: '4c2e57493254141d33897d9d82dab879') in 0.037220 seconds 
  Import took 0.056215 seconds .

========================================================================
Received Import Request.
  Time since last request: 7.328514 seconds.
  path: Assets/Models/Building01/Shop-0-ShopBuilding_1.obj
  artifactKey: Guid(1e8f99f994282a841a825f4df00fdf4d) Importer(815301076,1909f56bfc062723c751e8b465ee728b)
Start importing Assets/Models/Building01/Shop-0-ShopBuilding_1.obj using Guid(1e8f99f994282a841a825f4df00fdf4d) Importer(815301076,1909f56bfc062723c751e8b465ee728b)  -> (artifact id: '2f62fc746ec2dedbb71fe915ea92f326') in 0.174898 seconds 
  Import took 0.193419 seconds .

========================================================================
Received Import Request.
  Time since last request: 0.000338 seconds.
  path: Assets/Models/Building01/Shop-0-ShopBuilding_1.png
  artifactKey: Guid(748d537fcddbf324c9f55c4faf277137) Importer(815301076,1909f56bfc062723c751e8b465ee728b)
Start importing Assets/Models/Building01/Shop-0-ShopBuilding_1.png using Guid(748d537fcddbf324c9f55c4faf277137) Importer(815301076,1909f56bfc062723c751e8b465ee728b)  -> (artifact id: 'f4ccb0f9f7420c3bc90dc9ee89222526') in 0.017234 seconds 
  Import took 0.037031 seconds .

========================================================================
Received Import Request.
  Time since last request: 0.000390 seconds.
  path: Assets/Models/Building01/Shop-0-ShopBuilding_1.obj
  artifactKey: Guid(1e8f99f994282a841a825f4df00fdf4d) Importer(815301076,1909f56bfc062723c751e8b465ee728b)
Start importing Assets/Models/Building01/Shop-0-ShopBuilding_1.obj using Guid(1e8f99f994282a841a825f4df00fdf4d) Importer(815301076,1909f56bfc062723c751e8b465ee728b)  -> (artifact id: '2f62fc746ec2dedbb71fe915ea92f326') in 0.073096 seconds 
  Import took 0.079458 seconds .

========================================================================
Received Import Request.
  Time since last request: 0.000348 seconds.
  path: Assets/Models/Building01/Shop-0-ShopBuilding_1.png
  artifactKey: Guid(748d537fcddbf324c9f55c4faf277137) Importer(815301076,1909f56bfc062723c751e8b465ee728b)
Start importing Assets/Models/Building01/Shop-0-ShopBuilding_1.png using Guid(748d537fcddbf324c9f55c4faf277137) Importer(815301076,1909f56bfc062723c751e8b465ee728b)  -> (artifact id: 'f4ccb0f9f7420c3bc90dc9ee89222526') in 0.011958 seconds 
  Import took 0.017367 seconds .

========================================================================
Received Import Request.
  Time since last request: 6.885449 seconds.
  path: Assets/Models/Building01/Shop-0-ShopBuilding_1.obj
  artifactKey: Guid(1e8f99f994282a841a825f4df00fdf4d) Importer(815301076,1909f56bfc062723c751e8b465ee728b)
Start importing Assets/Models/Building01/Shop-0-ShopBuilding_1.obj using Guid(1e8f99f994282a841a825f4df00fdf4d) Importer(815301076,1909f56bfc062723c751e8b465ee728b)  -> (artifact id: 'd3ba1d0c15991e648e8886cdc6421e98') in 0.104595 seconds 
  Import took 0.123164 seconds .

========================================================================
Received Import Request.
  Time since last request: 17.547437 seconds.
  path: Assets/Models/Building02
  artifactKey: Guid(67db6f28b1db3c144bf863cc2f1f89c2) Importer(815301076,1909f56bfc062723c751e8b465ee728b)
Start importing Assets/Models/Building02 using Guid(67db6f28b1db3c144bf863cc2f1f89c2) Importer(815301076,1909f56bfc062723c751e8b465ee728b)  -> (artifact id: '2d3654eb235bf2ecdd73b0359d1ee458') in 0.014150 seconds 
  Import took 0.021819 seconds .

========================================================================
Received Import Request.
  Time since last request: 6.465721 seconds.
  path: Assets/Models/Building02/Shop-1-ShopBuilding_2.obj
  artifactKey: Guid(be610dd34cde4774eb9cf81e587228e0) Importer(815301076,1909f56bfc062723c751e8b465ee728b)
Start importing Assets/Models/Building02/Shop-1-ShopBuilding_2.obj using Guid(be610dd34cde4774eb9cf81e587228e0) Importer(815301076,1909f56bfc062723c751e8b465ee728b)  -> (artifact id: '483ff3cfe5d589d525be2804f83f63f1') in 0.145275 seconds 
  Import took 0.168666 seconds .

========================================================================
Received Import Request.
  Time since last request: 0.000444 seconds.
  path: Assets/Models/Building02/Shop-1-ShopBuilding_2.png
  artifactKey: Guid(db680ad2804a914478f7953194437ed9) Importer(815301076,1909f56bfc062723c751e8b465ee728b)
Start importing Assets/Models/Building02/Shop-1-ShopBuilding_2.png using Guid(db680ad2804a914478f7953194437ed9) Importer(815301076,1909f56bfc062723c751e8b465ee728b)  -> (artifact id: '21f9218cdd8f1aab97c9c0fb71a08b54') in 0.011166 seconds 
  Import took 0.033787 seconds .

========================================================================
Received Import Request.
  Time since last request: 9.813710 seconds.
  path: Assets/Models/Building02/Shop-1-ShopBuilding_2.obj
  artifactKey: Guid(be610dd34cde4774eb9cf81e587228e0) Importer(815301076,1909f56bfc062723c751e8b465ee728b)
Start importing Assets/Models/Building02/Shop-1-ShopBuilding_2.obj using Guid(be610dd34cde4774eb9cf81e587228e0) Importer(815301076,1909f56bfc062723c751e8b465ee728b)  -> (artifact id: '4f2b5737d7c404315736b4adf89c8022') in 0.118524 seconds 
  Import took 0.218984 seconds .

========================================================================
Received Import Request.
  Time since last request: 20.311958 seconds.
  path: Assets/Models/PhoneCabin
  artifactKey: Guid(11ce2b04bafbbdf44a0559d9111e00c4) Importer(815301076,1909f56bfc062723c751e8b465ee728b)
Start importing Assets/Models/PhoneCabin using Guid(11ce2b04bafbbdf44a0559d9111e00c4) Importer(815301076,1909f56bfc062723c751e8b465ee728b)  -> (artifact id: '87f2eb0129d691cf3664ed4265da50d4') in 0.011924 seconds 
  Import took 0.028521 seconds .

========================================================================
Received Import Request.
  Time since last request: 7.286787 seconds.
  path: Assets/Models/PhoneCabin/Shop-2-PhoneCabin.obj
  artifactKey: Guid(93d7ccf5778198e4ca6d5010b5bdd4e5) Importer(815301076,1909f56bfc062723c751e8b465ee728b)
Start importing Assets/Models/PhoneCabin/Shop-2-PhoneCabin.obj using Guid(93d7ccf5778198e4ca6d5010b5bdd4e5) Importer(815301076,1909f56bfc062723c751e8b465ee728b)  -> (artifact id: 'b577995a728d749b8f5ca0823d9277ba') in 0.147083 seconds 
  Import took 0.170342 seconds .

========================================================================
Received Import Request.
  Time since last request: 0.000458 seconds.
  path: Assets/Models/PhoneCabin/Shop-2-PhoneCabin.png
  artifactKey: Guid(94b03fb9d7d5d934e93c1fdfb0cc8e66) Importer(815301076,1909f56bfc062723c751e8b465ee728b)
Start importing Assets/Models/PhoneCabin/Shop-2-PhoneCabin.png using Guid(94b03fb9d7d5d934e93c1fdfb0cc8e66) Importer(815301076,1909f56bfc062723c751e8b465ee728b)  -> (artifact id: '5eec31c1cbb3a0008e0ac4c0aad58955') in 0.009813 seconds 
  Import took 0.024174 seconds .

========================================================================
Received Import Request.
  Time since last request: 6.002300 seconds.
  path: Assets/Models/PhoneCabin/Shop-2-PhoneCabin.obj
  artifactKey: Guid(93d7ccf5778198e4ca6d5010b5bdd4e5) Importer(815301076,1909f56bfc062723c751e8b465ee728b)
Start importing Assets/Models/PhoneCabin/Shop-2-PhoneCabin.obj using Guid(93d7ccf5778198e4ca6d5010b5bdd4e5) Importer(815301076,1909f56bfc062723c751e8b465ee728b)  -> (artifact id: '5f9908094acaecc5129ab683d231e6c4') in 0.099480 seconds 
  Import took 0.119191 seconds .

========================================================================
Received Import Request.
  Time since last request: 13.348797 seconds.
  path: Assets/Models/Car
  artifactKey: Guid(0aebb635b87f8c54ea85987c9ac283d8) Importer(815301076,1909f56bfc062723c751e8b465ee728b)
Start importing Assets/Models/Car using Guid(0aebb635b87f8c54ea85987c9ac283d8) Importer(815301076,1909f56bfc062723c751e8b465ee728b)  -> (artifact id: '3bfdfa64055ce612d10fa57aa503f51b') in 0.014375 seconds 
  Import took 0.075558 seconds .

========================================================================
Received Import Request.
  Time since last request: 7.094456 seconds.
  path: Assets/Models/Car/Shop-3-Car.obj
  artifactKey: Guid(91de935de8a32c049abee748a6a95fa0) Importer(815301076,1909f56bfc062723c751e8b465ee728b)
Start importing Assets/Models/Car/Shop-3-Car.obj using Guid(91de935de8a32c049abee748a6a95fa0) Importer(815301076,1909f56bfc062723c751e8b465ee728b)  -> (artifact id: '72bcf68197f8550263c57661f2a379d9') in 0.134209 seconds 
  Import took 0.163449 seconds .

========================================================================
Received Import Request.
  Time since last request: 0.000434 seconds.
  path: Assets/Models/Car/Shop-3-Car.png
  artifactKey: Guid(43934d454f43d5c4ab66d16868a0332d) Importer(815301076,1909f56bfc062723c751e8b465ee728b)
Start importing Assets/Models/Car/Shop-3-Car.png using Guid(43934d454f43d5c4ab66d16868a0332d) Importer(815301076,1909f56bfc062723c751e8b465ee728b)  -> (artifact id: 'a7508b932ab46a025ca8b15d804e14cc') in 0.012269 seconds 
  Import took 0.035107 seconds .

========================================================================
Received Import Request.
  Time since last request: 18.826253 seconds.
  path: Assets/Models/Car/Shop-3-Car.obj
  artifactKey: Guid(91de935de8a32c049abee748a6a95fa0) Importer(815301076,1909f56bfc062723c751e8b465ee728b)
Start importing Assets/Models/Car/Shop-3-Car.obj using Guid(91de935de8a32c049abee748a6a95fa0) Importer(815301076,1909f56bfc062723c751e8b465ee728b)  -> (artifact id: '75f9ba6523b633497dfa275a66983c41') in 0.107020 seconds 
  Import took 0.153898 seconds .

========================================================================
Received Import Request.
  Time since last request: 17.747838 seconds.
  path: Assets/Models/Building03
  artifactKey: Guid(67db6f28b1db3c144bf863cc2f1f89c2) Importer(815301076,1909f56bfc062723c751e8b465ee728b)
Start importing Assets/Models/Building03 using Guid(67db6f28b1db3c144bf863cc2f1f89c2) Importer(815301076,1909f56bfc062723c751e8b465ee728b)  -> (artifact id: '84594d2b1f7d6be3eabc683cffd90958') in 0.024890 seconds 
  Import took 0.046107 seconds .

========================================================================
Received Import Request.
  Time since last request: 62.734589 seconds.
  path: Assets/Models/Building02
  artifactKey: Guid(ebb37b7d5e67f404d8edecb263305a38) Importer(815301076,1909f56bfc062723c751e8b465ee728b)
Start importing Assets/Models/Building02 using Guid(ebb37b7d5e67f404d8edecb263305a38) Importer(815301076,1909f56bfc062723c751e8b465ee728b)  -> (artifact id: '1c42b32a3a85d2b0db0c6d676c403542') in 0.004569 seconds 
  Import took 0.025633 seconds .

========================================================================
Received Import Request.
  Time since last request: 9.244841 seconds.
  path: Assets/Models/Building01
  artifactKey: Guid(11c69bb670d68b84fb37cc0e71415462) Importer(815301076,1909f56bfc062723c751e8b465ee728b)
Start importing Assets/Models/Building01 using Guid(11c69bb670d68b84fb37cc0e71415462) Importer(815301076,1909f56bfc062723c751e8b465ee728b)  -> (artifact id: 'f61bc9b35ef47f33fafd64b851bca66e') in 0.004834 seconds 
  Import took 0.022878 seconds .

========================================================================
Received Import Request.
  Time since last request: 5.889385 seconds.
  path: Assets/Models/Building02/Shop-0-ShopBuilding_1.obj
  artifactKey: Guid(1e8f99f994282a841a825f4df00fdf4d) Importer(815301076,1909f56bfc062723c751e8b465ee728b)
Start importing Assets/Models/Building02/Shop-0-ShopBuilding_1.obj using Guid(1e8f99f994282a841a825f4df00fdf4d) Importer(815301076,1909f56bfc062723c751e8b465ee728b)  -> (artifact id: 'c47803609abddc0b0037b7160af7b00e') in 0.042387 seconds 
  Import took 0.095398 seconds .

========================================================================
Received Import Request.
  Time since last request: 47.637371 seconds.
  path: Assets/Models/Building01/CountrySide-5-House.obj
  artifactKey: Guid(3251ffe9ef52ffc4ca8d2c9240af7fe3) Importer(815301076,1909f56bfc062723c751e8b465ee728b)
Start importing Assets/Models/Building01/CountrySide-5-House.obj using Guid(3251ffe9ef52ffc4ca8d2c9240af7fe3) Importer(815301076,1909f56bfc062723c751e8b465ee728b)  -> (artifact id: '09e5c223a98cea8561b812e76443a535') in 0.162714 seconds 
  Import took 0.169184 seconds .

========================================================================
Received Import Request.
  Time since last request: 19.353478 seconds.
  path: Assets/Prefabs/House.prefab
  artifactKey: Guid(3172306339bc36245936a34ebcdd18e9) Importer(815301076,1909f56bfc062723c751e8b465ee728b)
Start importing Assets/Prefabs/House.prefab using Guid(3172306339bc36245936a34ebcdd18e9) Importer(815301076,1909f56bfc062723c751e8b465ee728b)  -> (artifact id: '04183e41d2e06744b1a70b50fecd4b7c') in 0.060669 seconds 
  Import took 0.069184 seconds .

========================================================================
Received Import Request.
  Time since last request: 81.039020 seconds.
  path: Assets/Prefabs/Shop01.prefab
  artifactKey: Guid(0b19b2e7e1d398f49b2dae749366c830) Importer(815301076,1909f56bfc062723c751e8b465ee728b)
Start importing Assets/Prefabs/Shop01.prefab using Guid(0b19b2e7e1d398f49b2dae749366c830) Importer(815301076,1909f56bfc062723c751e8b465ee728b)  -> (artifact id: 'd2bec9efce21074f0426166f498b3ebf') in 0.059167 seconds 
  Import took 0.065841 seconds .

========================================================================
Received Import Request.
  Time since last request: 11.046627 seconds.
  path: Assets/Models/Building03/Shop-1-ShopBuilding_2.obj
  artifactKey: Guid(be610dd34cde4774eb9cf81e587228e0) Importer(815301076,1909f56bfc062723c751e8b465ee728b)
Start importing Assets/Models/Building03/Shop-1-ShopBuilding_2.obj using Guid(be610dd34cde4774eb9cf81e587228e0) Importer(815301076,1909f56bfc062723c751e8b465ee728b)  -> (artifact id: '79c9d9fe099b194dc27b8e0ca708e616') in 0.083492 seconds 
  Import took 0.106878 seconds .

========================================================================
Received Import Request.
  Time since last request: 68.853429 seconds.
  path: Assets/Prefabs/Shop02.prefab
  artifactKey: Guid(31f4a8586c7c5c14cb2a81bac96d349b) Importer(815301076,1909f56bfc062723c751e8b465ee728b)
Start importing Assets/Prefabs/Shop02.prefab using Guid(31f4a8586c7c5c14cb2a81bac96d349b) Importer(815301076,1909f56bfc062723c751e8b465ee728b)  -> (artifact id: '224f25ea7a4da977228b558fc2aeb0c8') in 0.032132 seconds 
  Import took 0.043342 seconds .

========================================================================
Received Import Request.
  Time since last request: 0.016356 seconds.
  path: Assets/Prefabs/Shop02.prefab
  artifactKey: Guid(31f4a8586c7c5c14cb2a81bac96d349b) Importer(815301076,1909f56bfc062723c751e8b465ee728b)
Start importing Assets/Prefabs/Shop02.prefab using Guid(31f4a8586c7c5c14cb2a81bac96d349b) Importer(815301076,1909f56bfc062723c751e8b465ee728b)  -> (artifact id: '224f25ea7a4da977228b558fc2aeb0c8') in 0.061663 seconds 
  Import took 0.066970 seconds .

========================================================================
Received Import Request.
  Time since last request: 107.469691 seconds.
  path: Assets/Prefabs/PhoneCabin.prefab
  artifactKey: Guid(99ec8c8a3e8c95f449ffb2c390995ff7) Importer(815301076,1909f56bfc062723c751e8b465ee728b)
Start importing Assets/Prefabs/PhoneCabin.prefab using Guid(99ec8c8a3e8c95f449ffb2c390995ff7) Importer(815301076,1909f56bfc062723c751e8b465ee728b)  -> (artifact id: 'f39c50b3a720ca44d2fc11fdc75b75c8') in 0.027083 seconds 
  Import took 0.064391 seconds .

========================================================================
Received Import Request.
  Time since last request: 8.891466 seconds.
  path: Assets/Prefabs/Car.prefab
  artifactKey: Guid(c25a486bf52dd76429698d2bec5f862e) Importer(815301076,1909f56bfc062723c751e8b465ee728b)
Start importing Assets/Prefabs/Car.prefab using Guid(c25a486bf52dd76429698d2bec5f862e) Importer(815301076,1909f56bfc062723c751e8b465ee728b)  -> (artifact id: '2ddfabbf7c71926834b5a9f4fe109191') in 0.027781 seconds 
  Import took 0.034566 seconds .

========================================================================
Received Import Request.
  Time since last request: 0.025706 seconds.
  path: Assets/Prefabs/Car.prefab
  artifactKey: Guid(c25a486bf52dd76429698d2bec5f862e) Importer(815301076,1909f56bfc062723c751e8b465ee728b)
Start importing Assets/Prefabs/Car.prefab using Guid(c25a486bf52dd76429698d2bec5f862e) Importer(815301076,1909f56bfc062723c751e8b465ee728b)  -> (artifact id: '2ddfabbf7c71926834b5a9f4fe109191') in 0.030953 seconds 
  Import took 0.036469 seconds .

========================================================================
Received Import Request.
  Time since last request: 27.916353 seconds.
  path: Assets/Prefabs/Car.prefab
  artifactKey: Guid(c25a486bf52dd76429698d2bec5f862e) Importer(815301076,1909f56bfc062723c751e8b465ee728b)
Start importing Assets/Prefabs/Car.prefab using Guid(c25a486bf52dd76429698d2bec5f862e) Importer(815301076,1909f56bfc062723c751e8b465ee728b)  -> (artifact id: 'c8a3b1e6e9ab71c3100a418654a85e34') in 0.033865 seconds 
  Import took 0.055109 seconds .

========================================================================
Received Import Request.
  Time since last request: 1.826922 seconds.
  path: Assets/Prefabs/Car.prefab
  artifactKey: Guid(c25a486bf52dd76429698d2bec5f862e) Importer(815301076,1909f56bfc062723c751e8b465ee728b)
Start importing Assets/Prefabs/Car.prefab using Guid(c25a486bf52dd76429698d2bec5f862e) Importer(815301076,1909f56bfc062723c751e8b465ee728b)  -> (artifact id: 'd650e6cbadcdaa71d7254a497c67cb48') in 0.020360 seconds 
  Import took 0.037616 seconds .

========================================================================
Received Import Request.
  Time since last request: 1.901425 seconds.
  path: Assets/Prefabs/PhoneCabin.prefab
  artifactKey: Guid(99ec8c8a3e8c95f449ffb2c390995ff7) Importer(815301076,1909f56bfc062723c751e8b465ee728b)
Start importing Assets/Prefabs/PhoneCabin.prefab using Guid(99ec8c8a3e8c95f449ffb2c390995ff7) Importer(815301076,1909f56bfc062723c751e8b465ee728b)  -> (artifact id: '113b74a833ba35b79077689abcf7c82e') in 0.025392 seconds 
  Import took 0.033045 seconds .

========================================================================
Received Import Request.
  Time since last request: 0.018473 seconds.
  path: Assets/Prefabs/PhoneCabin.prefab
  artifactKey: Guid(99ec8c8a3e8c95f449ffb2c390995ff7) Importer(815301076,1909f56bfc062723c751e8b465ee728b)
Start importing Assets/Prefabs/PhoneCabin.prefab using Guid(99ec8c8a3e8c95f449ffb2c390995ff7) Importer(815301076,1909f56bfc062723c751e8b465ee728b)  -> (artifact id: '113b74a833ba35b79077689abcf7c82e') in 0.035982 seconds 
  Import took 0.041406 seconds .

========================================================================
Received Import Request.
  Time since last request: 1.425338 seconds.
  path: Assets/Prefabs/PhoneCabin.prefab
  artifactKey: Guid(99ec8c8a3e8c95f449ffb2c390995ff7) Importer(815301076,1909f56bfc062723c751e8b465ee728b)
Start importing Assets/Prefabs/PhoneCabin.prefab using Guid(99ec8c8a3e8c95f449ffb2c390995ff7) Importer(815301076,1909f56bfc062723c751e8b465ee728b)  -> (artifact id: '327e0b84fafcd21fab64912b8a58535d') in 0.036018 seconds 
  Import took 0.054162 seconds .

========================================================================
Received Prepare
Registering precompiled user dll's ...
Registered in 0.005242 seconds.
Begin MonoManager ReloadAssembly
Native extension for Lumin target not found
Native extension for LinuxStandalone target not found
Native extension for WindowsStandalone target not found
Native extension for OSXStandalone target not found
Native extension for WebGL target not found
Refreshing native plugins compatible for Editor in 0.67 ms, found 3 plugins.
Preloading 0 native plugins for Editor in 0.00 ms.
Mono: successfully reloaded assembly
- Completed reload, in  1.826 seconds
Domain Reload Profiling:
	ReloadAssembly (1831ms)
		BeginReloadAssembly (246ms)
			ExecutionOrderSort (0ms)
			DisableScriptedObjects (16ms)
			BackupInstance (0ms)
			ReleaseScriptingObjects (0ms)
			CreateAndSetChildDomain (111ms)
		EndReloadAssembly (1481ms)
			LoadAssemblies (166ms)
			RebuildTransferFunctionScriptingTraits (0ms)
			SetupTypeCache (567ms)
			ReleaseScriptCaches (2ms)
			RebuildScriptCaches (74ms)
			SetupLoadedEditorAssemblies (497ms)
				LogAssemblyErrors (0ms)
				InitializePlatformSupportModulesInManaged (13ms)
				SetLoadedEditorAssemblies (1ms)
				RefreshPlugins (1ms)
				BeforeProcessingInitializeOnLoad (88ms)
				ProcessInitializeOnLoadAttributes (384ms)
				ProcessInitializeOnLoadMethodAttributes (6ms)
				AfterProcessingInitializeOnLoad (4ms)
				EditorAssembliesLoaded (0ms)
			ExecutionOrderSort2 (0ms)
			AwakeInstancesAfterBackupRestoration (17ms)
Platform modules already initialized, skipping
Refreshing native plugins compatible for Editor in 0.63 ms, found 3 plugins.
Preloading 0 native plugins for Editor in 0.00 ms.
Unloading 1951 Unused Serialized files (Serialized files now loaded: 0)
System memory in use before: 105.8 MB.
System memory in use after: 105.9 MB.

Unloading 17 unused Assets to reduce memory usage. Loaded Objects now: 2485.
Total: 4.353800 ms (FindLiveObjects: 0.332600 ms CreateObjectMapping: 0.219200 ms MarkObjects: 3.691100 ms  DeleteObjects: 0.108400 ms)

AssetImportParameters requested are different than current active one (requested -> active):
  custom:framework-win-MediaFoundation: 216162199b28c13a410421893ffa2e32 -> 
  custom:video-decoder-ogg-theora: a1e56fd34408186e4bbccfd4996cb3dc -> 
  custom:container-muxer-webm: aa71ff27fc2769a1b78a27578f13a17b -> 
  custom:container-demuxer-webm: 4f35f7cbe854078d1ac9338744f61a02 -> 
  custom:container-demuxer-ogg: 62fdf1f143b41e24485cea50d1cbac27 -> 
  custom:video-encoder-webm-vp8: eb34c28f22e8b96e1ab97ce403110664 -> 
  custom:video-decoder-webm-vp8: 9c59270c3fd7afecdb556c50c9e8de78 -> 
  custom:audio-decoder-ogg-vorbis: bf7c407c2cedff20999df2af8eb42d56 -> 
  custom:audio-encoder-webm-vorbis: bf7c407c2cedff20999df2af8eb42d56 -> 
========================================================================
Received Import Request.
  Time since last request: 208.150356 seconds.
  path: Assets/Prefabs/Rock.prefab
  artifactKey: Guid(73d0e80db5dd5f544989f18271bdc525) Importer(815301076,1909f56bfc062723c751e8b465ee728b)
Start importing Assets/Prefabs/Rock.prefab using Guid(73d0e80db5dd5f544989f18271bdc525) Importer(815301076,1909f56bfc062723c751e8b465ee728b)  -> (artifact id: 'dd386d1aaa228de8d5108a37537c1ddd') in 0.146352 seconds 
  Import took 0.168011 seconds .

========================================================================
Received Import Request.
  Time since last request: 3.019591 seconds.
  path: Assets/Prefabs/Rock.prefab
  artifactKey: Guid(73d0e80db5dd5f544989f18271bdc525) Importer(815301076,1909f56bfc062723c751e8b465ee728b)
Start importing Assets/Prefabs/Rock.prefab using Guid(73d0e80db5dd5f544989f18271bdc525) Importer(815301076,1909f56bfc062723c751e8b465ee728b)  -> (artifact id: '03b0d34f6fbbc60a851928ab27f2e7ee') in 0.020800 seconds 
  Import took 0.035115 seconds .

========================================================================
Received Import Request.
  Time since last request: 0.009275 seconds.
  path: Assets/Prefabs/Rock.prefab
  artifactKey: Guid(73d0e80db5dd5f544989f18271bdc525) Importer(815301076,1909f56bfc062723c751e8b465ee728b)
Start importing Assets/Prefabs/Rock.prefab using Guid(73d0e80db5dd5f544989f18271bdc525) Importer(815301076,1909f56bfc062723c751e8b465ee728b)  -> (artifact id: '03b0d34f6fbbc60a851928ab27f2e7ee') in 0.021115 seconds 
  Import took 0.028199 seconds .

========================================================================
Received Import Request.
  Time since last request: 1.879640 seconds.
  path: Assets/Prefabs/Rock.prefab
  artifactKey: Guid(73d0e80db5dd5f544989f18271bdc525) Importer(815301076,1909f56bfc062723c751e8b465ee728b)
Start importing Assets/Prefabs/Rock.prefab using Guid(73d0e80db5dd5f544989f18271bdc525) Importer(815301076,1909f56bfc062723c751e8b465ee728b)  -> (artifact id: '9168dc7137e33b4baca4a8decfebc036') in 0.022660 seconds 
  Import took 0.042133 seconds .

========================================================================
Received Import Request.
  Time since last request: 0.009389 seconds.
  path: Assets/Prefabs/Rock.prefab
  artifactKey: Guid(73d0e80db5dd5f544989f18271bdc525) Importer(815301076,1909f56bfc062723c751e8b465ee728b)
Start importing Assets/Prefabs/Rock.prefab using Guid(73d0e80db5dd5f544989f18271bdc525) Importer(815301076,1909f56bfc062723c751e8b465ee728b)  -> (artifact id: '9168dc7137e33b4baca4a8decfebc036') in 0.019511 seconds 
  Import took 0.025544 seconds .

========================================================================
Received Import Request.
  Time since last request: 1.807314 seconds.
  path: Assets/Prefabs/Rock.prefab
  artifactKey: Guid(73d0e80db5dd5f544989f18271bdc525) Importer(815301076,1909f56bfc062723c751e8b465ee728b)
Start importing Assets/Prefabs/Rock.prefab using Guid(73d0e80db5dd5f544989f18271bdc525) Importer(815301076,1909f56bfc062723c751e8b465ee728b)  -> (artifact id: 'c8344a888a14c9b09c925efc73a27f1c') in 0.017794 seconds 
  Import took 0.025597 seconds .

========================================================================
Received Import Request.
  Time since last request: 0.017864 seconds.
  path: Assets/Prefabs/Rock.prefab
  artifactKey: Guid(73d0e80db5dd5f544989f18271bdc525) Importer(815301076,1909f56bfc062723c751e8b465ee728b)
Start importing Assets/Prefabs/Rock.prefab using Guid(73d0e80db5dd5f544989f18271bdc525) Importer(815301076,1909f56bfc062723c751e8b465ee728b)  -> (artifact id: 'c8344a888a14c9b09c925efc73a27f1c') in 0.052866 seconds 
  Import took 0.059565 seconds .

========================================================================
Received Import Request.
  Time since last request: 1.102028 seconds.
  path: Assets/Prefabs/Rock.prefab
  artifactKey: Guid(73d0e80db5dd5f544989f18271bdc525) Importer(815301076,1909f56bfc062723c751e8b465ee728b)
Start importing Assets/Prefabs/Rock.prefab using Guid(73d0e80db5dd5f544989f18271bdc525) Importer(815301076,1909f56bfc062723c751e8b465ee728b)  -> (artifact id: '07d0f264bdbc83c4064d093e4609e180') in 0.018283 seconds 
  Import took 0.038372 seconds .

AssetImportWorkerClient::OnTransportError - code=2 error=End of file
