Using pre-set license
Built from '2020.3/staging' branch; Version is '2020.3.14f1 (d0d1bb862f9d) revision 13685179'; Using compiler version '192528614'; Build Type 'Release'
OS: 'Windows 10 Home Single Language; OS build 19042.1288; Version 2009; 64bit' Language: 'ru' Physical Memory: 6029 MB
BatchMode: 1, IsHumanControllingUs: 0, StartBugReporterOnCrash: 0, Is64bit: 1, IsPro: 0

 COMMAND LINE ARGUMENTS:
D:\Unity\2020.3.14f1\Editor\Unity.exe
-adb2
-batchMode
-noUpm
-name
AssetImportWorker1
-projectPath
D:/ПРОЕКТЫ/EPAM-training-project/EPAM training project
-logFile
Logs/AssetImportWorker1.log
-srvPort
55023
Successfully changed project path to: D:/ПРОЕКТЫ/EPAM-training-project/EPAM training project
D:/ПРОЕКТЫ/EPAM-training-project/EPAM training project
Using Asset Import Pipeline V2.
Refreshing native plugins compatible for Editor in 411.62 ms, found 1 plugins.
Preloading 0 native plugins for Editor in 0.00 ms.
Initialize engine version: 2020.3.14f1 (d0d1bb862f9d)
[Subsystems] Discovering subsystems at path D:/Unity/2020.3.14f1/Editor/Data/Resources/UnitySubsystems
[Subsystems] Discovering subsystems at path D:/ПРОЕКТЫ/EPAM-training-project/EPAM training project/Assets
GfxDevice: creating device client; threaded=0
Direct3D:
    Version:  Direct3D 11.0 [level 11.0]
    Renderer: NVIDIA GeForce GT 740M (ID=0xfdf)
    Vendor:   
    VRAM:     2009 MB
    Driver:   24.21.13.9811
Initialize mono
Mono path[0] = 'D:/Unity/2020.3.14f1/Editor/Data/Managed'
Mono path[1] = 'D:/Unity/2020.3.14f1/Editor/Data/MonoBleedingEdge/lib/mono/unityjit'
Mono config path = 'D:/Unity/2020.3.14f1/Editor/Data/MonoBleedingEdge/etc'
Using monoOptions --debugger-agent=transport=dt_socket,embedding=1,server=y,suspend=n,address=127.0.0.1:56304
Begin MonoManager ReloadAssembly
Registering precompiled unity dll's ...
Register platform support module: D:/Unity/2020.3.14f1/Editor/Data/PlaybackEngines/WebGLSupport/UnityEditor.WebGL.Extensions.dll
Register platform support module: D:/Unity/2020.3.14f1/Editor/Data/PlaybackEngines/MacStandaloneSupport/UnityEditor.OSXStandalone.Extensions.dll
Register platform support module: D:/Unity/2020.3.14f1/Editor/Data/PlaybackEngines/WindowsStandaloneSupport/UnityEditor.WindowsStandalone.Extensions.dll
Register platform support module: D:/Unity/2020.3.14f1/Editor/Data/PlaybackEngines/LinuxStandaloneSupport/UnityEditor.LinuxStandalone.Extensions.dll
Register platform support module: D:/Unity/2020.3.14f1/Editor/Data/PlaybackEngines/LuminSupport/UnityEditor.Lumin.Extensions.dll
Registered in 0.008924 seconds.
Native extension for Lumin target not found
Native extension for LinuxStandalone target not found
Native extension for WindowsStandalone target not found
Native extension for OSXStandalone target not found
Native extension for WebGL target not found
Refreshing native plugins compatible for Editor in 239.57 ms, found 1 plugins.
Preloading 0 native plugins for Editor in 0.00 ms.
Mono: successfully reloaded assembly
- Completed reload, in  5.914 seconds
Domain Reload Profiling:
	ReloadAssembly (5915ms)
		BeginReloadAssembly (223ms)
			ExecutionOrderSort (0ms)
			DisableScriptedObjects (0ms)
			BackupInstance (0ms)
			ReleaseScriptingObjects (0ms)
			CreateAndSetChildDomain (4ms)
		EndReloadAssembly (1920ms)
			LoadAssemblies (221ms)
			RebuildTransferFunctionScriptingTraits (6ms)
			SetupTypeCache (738ms)
			ReleaseScriptCaches (0ms)
			RebuildScriptCaches (136ms)
			SetupLoadedEditorAssemblies (793ms)
				LogAssemblyErrors (0ms)
				InitializePlatformSupportModulesInManaged (25ms)
				SetLoadedEditorAssemblies (2ms)
				RefreshPlugins (240ms)
				BeforeProcessingInitializeOnLoad (37ms)
				ProcessInitializeOnLoadAttributes (367ms)
				ProcessInitializeOnLoadMethodAttributes (121ms)
				AfterProcessingInitializeOnLoad (0ms)
				EditorAssembliesLoaded (1ms)
			ExecutionOrderSort2 (0ms)
			AwakeInstancesAfterBackupRestoration (0ms)
Platform modules already initialized, skipping
Registering precompiled user dll's ...
Registered in 0.007379 seconds.
Begin MonoManager ReloadAssembly
Native extension for Lumin target not found
Native extension for LinuxStandalone target not found
Native extension for WindowsStandalone target not found
Native extension for OSXStandalone target not found
Native extension for WebGL target not found
Refreshing native plugins compatible for Editor in 198.38 ms, found 1 plugins.
Preloading 0 native plugins for Editor in 0.00 ms.
Mono: successfully reloaded assembly
- Completed reload, in  2.609 seconds
Domain Reload Profiling:
	ReloadAssembly (2610ms)
		BeginReloadAssembly (323ms)
			ExecutionOrderSort (0ms)
			DisableScriptedObjects (12ms)
			BackupInstance (0ms)
			ReleaseScriptingObjects (0ms)
			CreateAndSetChildDomain (37ms)
		EndReloadAssembly (2164ms)
			LoadAssemblies (178ms)
			RebuildTransferFunctionScriptingTraits (0ms)
			SetupTypeCache (571ms)
			ReleaseScriptCaches (1ms)
			RebuildScriptCaches (135ms)
			SetupLoadedEditorAssemblies (944ms)
				LogAssemblyErrors (0ms)
				InitializePlatformSupportModulesInManaged (28ms)
				SetLoadedEditorAssemblies (0ms)
				RefreshPlugins (199ms)
				BeforeProcessingInitializeOnLoad (207ms)
				ProcessInitializeOnLoadAttributes (475ms)
				ProcessInitializeOnLoadMethodAttributes (30ms)
				AfterProcessingInitializeOnLoad (5ms)
				EditorAssembliesLoaded (0ms)
			ExecutionOrderSort2 (0ms)
			AwakeInstancesAfterBackupRestoration (14ms)
Platform modules already initialized, skipping
========================================================================
Worker process is ready to serve import requests
Launched and connected shader compiler UnityShaderCompiler.exe after 0.33 seconds
Refreshing native plugins compatible for Editor in 0.98 ms, found 1 plugins.
Preloading 0 native plugins for Editor in 0.00 ms.
Unloading 2259 Unused Serialized files (Serialized files now loaded: 0)
System memory in use before: 195.0 MB.
System memory in use after: 195.2 MB.

Unloading 23 unused Assets to reduce memory usage. Loaded Objects now: 2742.
Total: 31.570200 ms (FindLiveObjects: 4.614100 ms CreateObjectMapping: 3.954200 ms MarkObjects: 22.750100 ms  DeleteObjects: 0.248400 ms)

AssetImportParameters requested are different than current active one (requested -> active):
  custom:framework-win-MediaFoundation: 216162199b28c13a410421893ffa2e32 -> 
  custom:video-decoder-ogg-theora: a1e56fd34408186e4bbccfd4996cb3dc -> 
  custom:container-muxer-webm: aa71ff27fc2769a1b78a27578f13a17b -> 
  custom:container-demuxer-webm: 4f35f7cbe854078d1ac9338744f61a02 -> 
  custom:container-demuxer-ogg: 62fdf1f143b41e24485cea50d1cbac27 -> 
  custom:video-encoder-webm-vp8: eb34c28f22e8b96e1ab97ce403110664 -> 
  custom:video-decoder-webm-vp8: 9c59270c3fd7afecdb556c50c9e8de78 -> 
  custom:audio-decoder-ogg-vorbis: bf7c407c2cedff20999df2af8eb42d56 -> 
  custom:audio-encoder-webm-vorbis: bf7c407c2cedff20999df2af8eb42d56 -> 
========================================================================
Received Import Request.
  path: Assets/Scenes/Main Menu.unity
  artifactKey: Guid(f4ce20fd25bed264e875ca6cb048ddac) Importer(815301076,1909f56bfc062723c751e8b465ee728b)
Start importing Assets/Scenes/Main Menu.unity using Guid(f4ce20fd25bed264e875ca6cb048ddac) Importer(815301076,1909f56bfc062723c751e8b465ee728b)  -> (artifact id: '2faca2c31c83096a643866095d9a3a27') in 0.045753 seconds 
  Import took 0.085053 seconds .

========================================================================
Received Import Request.
  Time since last request: 0.000307 seconds.
  path: Assets/Scenes/Levels/3.unity
  artifactKey: Guid(30ff6cc8bb7d9b646b50bf24133ac16e) Importer(815301076,1909f56bfc062723c751e8b465ee728b)
Start importing Assets/Scenes/Levels/3.unity using Guid(30ff6cc8bb7d9b646b50bf24133ac16e) Importer(815301076,1909f56bfc062723c751e8b465ee728b)  -> (artifact id: 'bbe39af97024104e716c3a55cff9f4fb') in 0.039020 seconds 
  Import took 0.108300 seconds .

========================================================================
Received Prepare
Registering precompiled user dll's ...
Registered in 0.002269 seconds.
Begin MonoManager ReloadAssembly
Native extension for Lumin target not found
Native extension for LinuxStandalone target not found
Native extension for WindowsStandalone target not found
Native extension for OSXStandalone target not found
Native extension for WebGL target not found
Refreshing native plugins compatible for Editor in 1.14 ms, found 1 plugins.
Preloading 0 native plugins for Editor in 0.00 ms.
Mono: successfully reloaded assembly
- Completed reload, in  4.738 seconds
Domain Reload Profiling:
	ReloadAssembly (4740ms)
		BeginReloadAssembly (468ms)
			ExecutionOrderSort (0ms)
			DisableScriptedObjects (31ms)
			BackupInstance (0ms)
			ReleaseScriptingObjects (0ms)
			CreateAndSetChildDomain (119ms)
		EndReloadAssembly (3921ms)
			LoadAssemblies (430ms)
			RebuildTransferFunctionScriptingTraits (1ms)
			SetupTypeCache (1309ms)
			ReleaseScriptCaches (2ms)
			RebuildScriptCaches (225ms)
			SetupLoadedEditorAssemblies (1294ms)
				LogAssemblyErrors (0ms)
				InitializePlatformSupportModulesInManaged (32ms)
				SetLoadedEditorAssemblies (1ms)
				RefreshPlugins (1ms)
				BeforeProcessingInitializeOnLoad (480ms)
				ProcessInitializeOnLoadAttributes (739ms)
				ProcessInitializeOnLoadMethodAttributes (28ms)
				AfterProcessingInitializeOnLoad (11ms)
				EditorAssembliesLoaded (1ms)
			ExecutionOrderSort2 (0ms)
			AwakeInstancesAfterBackupRestoration (59ms)
Platform modules already initialized, skipping
Refreshing native plugins compatible for Editor in 0.75 ms, found 1 plugins.
Preloading 0 native plugins for Editor in 0.00 ms.
Unloading 2216 Unused Serialized files (Serialized files now loaded: 0)
System memory in use before: 191.5 MB.
System memory in use after: 191.7 MB.

Unloading 9 unused Assets to reduce memory usage. Loaded Objects now: 2746.
Total: 3.988000 ms (FindLiveObjects: 0.580400 ms CreateObjectMapping: 0.152300 ms MarkObjects: 3.099000 ms  DeleteObjects: 0.153400 ms)

AssetImportParameters requested are different than current active one (requested -> active):
  custom:framework-win-MediaFoundation: 216162199b28c13a410421893ffa2e32 -> 
  custom:video-decoder-ogg-theora: a1e56fd34408186e4bbccfd4996cb3dc -> 
  custom:container-muxer-webm: aa71ff27fc2769a1b78a27578f13a17b -> 
  custom:container-demuxer-webm: 4f35f7cbe854078d1ac9338744f61a02 -> 
  custom:container-demuxer-ogg: 62fdf1f143b41e24485cea50d1cbac27 -> 
  custom:video-encoder-webm-vp8: eb34c28f22e8b96e1ab97ce403110664 -> 
  custom:video-decoder-webm-vp8: 9c59270c3fd7afecdb556c50c9e8de78 -> 
  custom:audio-decoder-ogg-vorbis: bf7c407c2cedff20999df2af8eb42d56 -> 
  custom:audio-encoder-webm-vorbis: bf7c407c2cedff20999df2af8eb42d56 -> 
========================================================================
Received Prepare
Registering precompiled user dll's ...
Registered in 0.004583 seconds.
Begin MonoManager ReloadAssembly
Native extension for Lumin target not found
Native extension for LinuxStandalone target not found
Native extension for WindowsStandalone target not found
Native extension for OSXStandalone target not found
Native extension for WebGL target not found
Refreshing native plugins compatible for Editor in 1.44 ms, found 1 plugins.
Preloading 0 native plugins for Editor in 0.00 ms.
Mono: successfully reloaded assembly
- Completed reload, in  2.342 seconds
Domain Reload Profiling:
	ReloadAssembly (2343ms)
		BeginReloadAssembly (205ms)
			ExecutionOrderSort (0ms)
			DisableScriptedObjects (13ms)
			BackupInstance (0ms)
			ReleaseScriptingObjects (0ms)
			CreateAndSetChildDomain (57ms)
		EndReloadAssembly (2001ms)
			LoadAssemblies (190ms)
			RebuildTransferFunctionScriptingTraits (0ms)
			SetupTypeCache (707ms)
			ReleaseScriptCaches (2ms)
			RebuildScriptCaches (122ms)
			SetupLoadedEditorAssemblies (611ms)
				LogAssemblyErrors (0ms)
				InitializePlatformSupportModulesInManaged (15ms)
				SetLoadedEditorAssemblies (1ms)
				RefreshPlugins (2ms)
				BeforeProcessingInitializeOnLoad (239ms)
				ProcessInitializeOnLoadAttributes (334ms)
				ProcessInitializeOnLoadMethodAttributes (14ms)
				AfterProcessingInitializeOnLoad (5ms)
				EditorAssembliesLoaded (0ms)
			ExecutionOrderSort2 (0ms)
			AwakeInstancesAfterBackupRestoration (23ms)
Platform modules already initialized, skipping
Refreshing native plugins compatible for Editor in 0.82 ms, found 1 plugins.
Preloading 0 native plugins for Editor in 0.00 ms.
Unloading 2216 Unused Serialized files (Serialized files now loaded: 0)
System memory in use before: 191.6 MB.
System memory in use after: 191.8 MB.

Unloading 9 unused Assets to reduce memory usage. Loaded Objects now: 2750.
Total: 4.564600 ms (FindLiveObjects: 0.297100 ms CreateObjectMapping: 0.154100 ms MarkObjects: 3.996900 ms  DeleteObjects: 0.113900 ms)

AssetImportParameters requested are different than current active one (requested -> active):
  custom:framework-win-MediaFoundation: 216162199b28c13a410421893ffa2e32 -> 
  custom:video-decoder-ogg-theora: a1e56fd34408186e4bbccfd4996cb3dc -> 
  custom:container-muxer-webm: aa71ff27fc2769a1b78a27578f13a17b -> 
  custom:container-demuxer-webm: 4f35f7cbe854078d1ac9338744f61a02 -> 
  custom:container-demuxer-ogg: 62fdf1f143b41e24485cea50d1cbac27 -> 
  custom:video-encoder-webm-vp8: eb34c28f22e8b96e1ab97ce403110664 -> 
  custom:video-decoder-webm-vp8: 9c59270c3fd7afecdb556c50c9e8de78 -> 
  custom:audio-decoder-ogg-vorbis: bf7c407c2cedff20999df2af8eb42d56 -> 
  custom:audio-encoder-webm-vorbis: bf7c407c2cedff20999df2af8eb42d56 -> 
========================================================================
Received Import Request.
  Time since last request: 662.902729 seconds.
  path: Assets/Animations/ShootingEnemyController.controller
  artifactKey: Guid(a9f8e622a4db6214d8b657ab07abd287) Importer(815301076,1909f56bfc062723c751e8b465ee728b)
Start importing Assets/Animations/ShootingEnemyController.controller using Guid(a9f8e622a4db6214d8b657ab07abd287) Importer(815301076,1909f56bfc062723c751e8b465ee728b)  -> (artifact id: '562d5256b254567831d5f03fb6b7a74c') in 0.818374 seconds 
  Import took 0.863513 seconds .

========================================================================
Received Import Request.
  Time since last request: 19.839673 seconds.
  path: Assets/Animations/RunningEnemyController.controller
  artifactKey: Guid(91ca7f6b1dc0d674fbd6d9a5c9ce83cb) Importer(815301076,1909f56bfc062723c751e8b465ee728b)
Start importing Assets/Animations/RunningEnemyController.controller using Guid(91ca7f6b1dc0d674fbd6d9a5c9ce83cb) Importer(815301076,1909f56bfc062723c751e8b465ee728b)  -> (artifact id: '367b52df4ce7c2a2f9bf63cac850dc4c') in 0.034708 seconds 
  Import took 0.097430 seconds .

========================================================================
Received Prepare
Registering precompiled user dll's ...
Registered in 0.002568 seconds.
Begin MonoManager ReloadAssembly
Native extension for Lumin target not found
Native extension for LinuxStandalone target not found
Native extension for WindowsStandalone target not found
Native extension for OSXStandalone target not found
Native extension for WebGL target not found
Refreshing native plugins compatible for Editor in 0.90 ms, found 1 plugins.
Preloading 0 native plugins for Editor in 0.00 ms.
Mono: successfully reloaded assembly
- Completed reload, in  3.118 seconds
Domain Reload Profiling:
	ReloadAssembly (3119ms)
		BeginReloadAssembly (280ms)
			ExecutionOrderSort (0ms)
			DisableScriptedObjects (19ms)
			BackupInstance (0ms)
			ReleaseScriptingObjects (0ms)
			CreateAndSetChildDomain (73ms)
		EndReloadAssembly (2610ms)
			LoadAssemblies (271ms)
			RebuildTransferFunctionScriptingTraits (0ms)
			SetupTypeCache (865ms)
			ReleaseScriptCaches (2ms)
			RebuildScriptCaches (150ms)
			SetupLoadedEditorAssemblies (881ms)
				LogAssemblyErrors (0ms)
				InitializePlatformSupportModulesInManaged (19ms)
				SetLoadedEditorAssemblies (1ms)
				RefreshPlugins (1ms)
				BeforeProcessingInitializeOnLoad (290ms)
				ProcessInitializeOnLoadAttributes (542ms)
				ProcessInitializeOnLoadMethodAttributes (20ms)
				AfterProcessingInitializeOnLoad (7ms)
				EditorAssembliesLoaded (1ms)
			ExecutionOrderSort2 (0ms)
			AwakeInstancesAfterBackupRestoration (33ms)
Platform modules already initialized, skipping
Refreshing native plugins compatible for Editor in 2.26 ms, found 1 plugins.
Preloading 0 native plugins for Editor in 0.00 ms.
Unloading 2216 Unused Serialized files (Serialized files now loaded: 0)
System memory in use before: 191.6 MB.
System memory in use after: 191.8 MB.

Unloading 9 unused Assets to reduce memory usage. Loaded Objects now: 2754.
Total: 7.274300 ms (FindLiveObjects: 0.828600 ms CreateObjectMapping: 0.303600 ms MarkObjects: 5.884600 ms  DeleteObjects: 0.252300 ms)

AssetImportParameters requested are different than current active one (requested -> active):
  custom:framework-win-MediaFoundation: 216162199b28c13a410421893ffa2e32 -> 
  custom:video-decoder-ogg-theora: a1e56fd34408186e4bbccfd4996cb3dc -> 
  custom:container-muxer-webm: aa71ff27fc2769a1b78a27578f13a17b -> 
  custom:container-demuxer-webm: 4f35f7cbe854078d1ac9338744f61a02 -> 
  custom:container-demuxer-ogg: 62fdf1f143b41e24485cea50d1cbac27 -> 
  custom:video-encoder-webm-vp8: eb34c28f22e8b96e1ab97ce403110664 -> 
  custom:video-decoder-webm-vp8: 9c59270c3fd7afecdb556c50c9e8de78 -> 
  custom:audio-decoder-ogg-vorbis: bf7c407c2cedff20999df2af8eb42d56 -> 
  custom:audio-encoder-webm-vorbis: bf7c407c2cedff20999df2af8eb42d56 -> 
========================================================================
Received Import Request.
  Time since last request: 261.083834 seconds.
  path: Assets/Animations/RunningZombieController.controller
  artifactKey: Guid(91ca7f6b1dc0d674fbd6d9a5c9ce83cb) Importer(815301076,1909f56bfc062723c751e8b465ee728b)
Start importing Assets/Animations/RunningZombieController.controller using Guid(91ca7f6b1dc0d674fbd6d9a5c9ce83cb) Importer(815301076,1909f56bfc062723c751e8b465ee728b)  -> (artifact id: '78e67538ac0d47f8b457d58fa201a3c9') in 0.113387 seconds 
  Import took 0.188974 seconds .

========================================================================
Received Import Request.
  Time since last request: 6.906819 seconds.
  path: Assets/Prefabs/Enemies/Insect-robot.prefab
  artifactKey: Guid(413201aec3ba25340820f6937bc16674) Importer(815301076,1909f56bfc062723c751e8b465ee728b)
Start importing Assets/Prefabs/Enemies/Insect-robot.prefab using Guid(413201aec3ba25340820f6937bc16674) Importer(815301076,1909f56bfc062723c751e8b465ee728b) GameObject (named 'Insect-robot') references runtime script in scene file. Fixing!

 -> (artifact id: '78be3260db09b8f14fe647a90954e90d') in 0.491494 seconds 
  Import took 0.500083 seconds .

========================================================================
Received Import Request.
  Time since last request: 0.000655 seconds.
  path: Assets/Prefabs/Enemies/ReconBot.prefab
  artifactKey: Guid(7652ea49bcc4e8e4c944d75505203487) Importer(815301076,1909f56bfc062723c751e8b465ee728b)
Start importing Assets/Prefabs/Enemies/ReconBot.prefab using Guid(7652ea49bcc4e8e4c944d75505203487) Importer(815301076,1909f56bfc062723c751e8b465ee728b) GameObject (named 'ReconBot') references runtime script in scene file. Fixing!

 -> (artifact id: '9053997f7f9e1176fc02809e4b0a96e2') in 0.137521 seconds 
  Import took 0.163541 seconds .

========================================================================
Received Import Request.
  Time since last request: 0.000435 seconds.
  path: Assets/Prefabs/Enemies/WalkingZombie.prefab
  artifactKey: Guid(a949829a9d60b2f4d96bc24efb26d74a) Importer(815301076,1909f56bfc062723c751e8b465ee728b)
Start importing Assets/Prefabs/Enemies/WalkingZombie.prefab using Guid(a949829a9d60b2f4d96bc24efb26d74a) Importer(815301076,1909f56bfc062723c751e8b465ee728b)  -> (artifact id: '67ca0f18577dff35e758318108ece00b') in 0.282463 seconds 
  Import took 0.306519 seconds .

========================================================================
Received Import Request.
  Time since last request: 0.000565 seconds.
  path: Assets/Prefabs/Enemies/Red enemy.prefab
  artifactKey: Guid(c746461c2a379684b908c2b28e8a8585) Importer(815301076,1909f56bfc062723c751e8b465ee728b)
Start importing Assets/Prefabs/Enemies/Red enemy.prefab using Guid(c746461c2a379684b908c2b28e8a8585) Importer(815301076,1909f56bfc062723c751e8b465ee728b)  -> (artifact id: '74496c14b5b0f6ec56ab079c81d5a58b') in 0.216542 seconds 
  Import took 0.247828 seconds .

========================================================================
Received Import Request.
  Time since last request: 13.756796 seconds.
  path: Assets/Prefabs/Enemies/WalkingZombie.prefab
  artifactKey: Guid(a949829a9d60b2f4d96bc24efb26d74a) Importer(815301076,1909f56bfc062723c751e8b465ee728b)
Start importing Assets/Prefabs/Enemies/WalkingZombie.prefab using Guid(a949829a9d60b2f4d96bc24efb26d74a) Importer(815301076,1909f56bfc062723c751e8b465ee728b)  -> (artifact id: 'd12bedf4d65e8ac43567c0c5a48abb75') in 0.072507 seconds 
  Import took 0.120974 seconds .

========================================================================
Received Import Request.
  Time since last request: 7.490770 seconds.
  path: Assets/Prefabs/Enemies/WalkingZombie.prefab
  artifactKey: Guid(a949829a9d60b2f4d96bc24efb26d74a) Importer(815301076,1909f56bfc062723c751e8b465ee728b)
Start importing Assets/Prefabs/Enemies/WalkingZombie.prefab using Guid(a949829a9d60b2f4d96bc24efb26d74a) Importer(815301076,1909f56bfc062723c751e8b465ee728b)  -> (artifact id: '83bba7db48da95d17cc51c4648d69759') in 0.083685 seconds 
  Import took 0.146848 seconds .

========================================================================
Received Import Request.
  Time since last request: 16.784812 seconds.
  path: Assets/Prefabs/Enemies/WalkingZombie.prefab
  artifactKey: Guid(a949829a9d60b2f4d96bc24efb26d74a) Importer(815301076,1909f56bfc062723c751e8b465ee728b)
Start importing Assets/Prefabs/Enemies/WalkingZombie.prefab using Guid(a949829a9d60b2f4d96bc24efb26d74a) Importer(815301076,1909f56bfc062723c751e8b465ee728b)  -> (artifact id: 'f0b71da73e491a45d7d8a03fd1021f6a') in 0.083990 seconds 
  Import took 0.137312 seconds .

========================================================================
Received Import Request.
  Time since last request: 27.855261 seconds.
  path: Assets/Prefabs/Enemies/Spider.prefab
  artifactKey: Guid(323e7513d1686cb4a8c7974ce4a1c181) Importer(815301076,1909f56bfc062723c751e8b465ee728b)
Start importing Assets/Prefabs/Enemies/Spider.prefab using Guid(323e7513d1686cb4a8c7974ce4a1c181) Importer(815301076,1909f56bfc062723c751e8b465ee728b)  -> (artifact id: '830b0041f9d39f812a48b24a8f65ba5a') in 0.107028 seconds 
  Import took 0.142308 seconds .

========================================================================
Received Import Request.
  Time since last request: 6.819202 seconds.
  path: Assets/Prefabs/Enemies/Spider-boss.prefab
  artifactKey: Guid(56944d274fc380345ba3ab347f4f006b) Importer(815301076,1909f56bfc062723c751e8b465ee728b)
Start importing Assets/Prefabs/Enemies/Spider-boss.prefab using Guid(56944d274fc380345ba3ab347f4f006b) Importer(815301076,1909f56bfc062723c751e8b465ee728b)  -> (artifact id: 'f000b3747fdb648f4f25e6e4eedc3ca7') in 0.305322 seconds 
  Import took 0.331251 seconds .

========================================================================
Received Prepare
Registering precompiled user dll's ...
Registered in 0.002393 seconds.
Begin MonoManager ReloadAssembly
Native extension for Lumin target not found
Native extension for LinuxStandalone target not found
Native extension for WindowsStandalone target not found
Native extension for OSXStandalone target not found
Native extension for WebGL target not found
Refreshing native plugins compatible for Editor in 0.90 ms, found 1 plugins.
Preloading 0 native plugins for Editor in 0.00 ms.
Mono: successfully reloaded assembly
- Completed reload, in  2.997 seconds
Domain Reload Profiling:
	ReloadAssembly (2998ms)
		BeginReloadAssembly (305ms)
			ExecutionOrderSort (0ms)
			DisableScriptedObjects (19ms)
			BackupInstance (0ms)
			ReleaseScriptingObjects (0ms)
			CreateAndSetChildDomain (77ms)
		EndReloadAssembly (2488ms)
			LoadAssemblies (311ms)
			RebuildTransferFunctionScriptingTraits (0ms)
			SetupTypeCache (859ms)
			ReleaseScriptCaches (2ms)
			RebuildScriptCaches (148ms)
			SetupLoadedEditorAssemblies (808ms)
				LogAssemblyErrors (0ms)
				InitializePlatformSupportModulesInManaged (23ms)
				SetLoadedEditorAssemblies (2ms)
				RefreshPlugins (1ms)
				BeforeProcessingInitializeOnLoad (286ms)
				ProcessInitializeOnLoadAttributes (469ms)
				ProcessInitializeOnLoadMethodAttributes (17ms)
				AfterProcessingInitializeOnLoad (9ms)
				EditorAssembliesLoaded (1ms)
			ExecutionOrderSort2 (0ms)
			AwakeInstancesAfterBackupRestoration (29ms)
Platform modules already initialized, skipping
Refreshing native plugins compatible for Editor in 1.53 ms, found 1 plugins.
Preloading 0 native plugins for Editor in 0.00 ms.
Unloading 2216 Unused Serialized files (Serialized files now loaded: 0)
System memory in use before: 194.8 MB.
System memory in use after: 195.0 MB.

Unloading 9 unused Assets to reduce memory usage. Loaded Objects now: 2766.
Total: 8.804700 ms (FindLiveObjects: 0.845400 ms CreateObjectMapping: 0.255500 ms MarkObjects: 7.318600 ms  DeleteObjects: 0.380600 ms)

AssetImportParameters requested are different than current active one (requested -> active):
  custom:framework-win-MediaFoundation: 216162199b28c13a410421893ffa2e32 -> 
  custom:video-decoder-ogg-theora: a1e56fd34408186e4bbccfd4996cb3dc -> 
  custom:container-muxer-webm: aa71ff27fc2769a1b78a27578f13a17b -> 
  custom:container-demuxer-webm: 4f35f7cbe854078d1ac9338744f61a02 -> 
  custom:container-demuxer-ogg: 62fdf1f143b41e24485cea50d1cbac27 -> 
  custom:video-encoder-webm-vp8: eb34c28f22e8b96e1ab97ce403110664 -> 
  custom:video-decoder-webm-vp8: 9c59270c3fd7afecdb556c50c9e8de78 -> 
  custom:audio-decoder-ogg-vorbis: bf7c407c2cedff20999df2af8eb42d56 -> 
  custom:audio-encoder-webm-vorbis: bf7c407c2cedff20999df2af8eb42d56 -> 
========================================================================
Received Import Request.
  Time since last request: 80.695886 seconds.
  path: Assets/Prefabs/Enemies/WalkingZombie.prefab
  artifactKey: Guid(a949829a9d60b2f4d96bc24efb26d74a) Importer(815301076,1909f56bfc062723c751e8b465ee728b)
Start importing Assets/Prefabs/Enemies/WalkingZombie.prefab using Guid(a949829a9d60b2f4d96bc24efb26d74a) Importer(815301076,1909f56bfc062723c751e8b465ee728b)  -> (artifact id: '04667d9c17bf033ac3c906400bbaed34') in 0.224268 seconds 
  Import took 0.251110 seconds .

========================================================================
Received Import Request.
  Time since last request: 3.656681 seconds.
  path: Assets/Prefabs/Enemies/WalkingZombie.prefab
  artifactKey: Guid(a949829a9d60b2f4d96bc24efb26d74a) Importer(815301076,1909f56bfc062723c751e8b465ee728b)
Start importing Assets/Prefabs/Enemies/WalkingZombie.prefab using Guid(a949829a9d60b2f4d96bc24efb26d74a) Importer(815301076,1909f56bfc062723c751e8b465ee728b)  -> (artifact id: '4d0259abb75d54e72f949b949ab75cda') in 0.070536 seconds 
  Import took 0.090512 seconds .

========================================================================
Received Import Request.
  Time since last request: 5.798627 seconds.
  path: Assets/Prefabs/Enemies/WalkingZombie.prefab
  artifactKey: Guid(a949829a9d60b2f4d96bc24efb26d74a) Importer(815301076,1909f56bfc062723c751e8b465ee728b)
Start importing Assets/Prefabs/Enemies/WalkingZombie.prefab using Guid(a949829a9d60b2f4d96bc24efb26d74a) Importer(815301076,1909f56bfc062723c751e8b465ee728b)  -> (artifact id: '546be0f550d91b2542b871cf953f7665') in 0.063871 seconds 
  Import took 0.094474 seconds .

========================================================================
Received Import Request.
  Time since last request: 7.051083 seconds.
  path: Assets/Prefabs/Enemies/WalkingZombie.prefab
  artifactKey: Guid(a949829a9d60b2f4d96bc24efb26d74a) Importer(815301076,1909f56bfc062723c751e8b465ee728b)
Start importing Assets/Prefabs/Enemies/WalkingZombie.prefab using Guid(a949829a9d60b2f4d96bc24efb26d74a) Importer(815301076,1909f56bfc062723c751e8b465ee728b)  -> (artifact id: '7b33382d351d4951dc4c125d47728258') in 0.047347 seconds 
  Import took 0.068639 seconds .

========================================================================
Received Import Request.
  Time since last request: 5.832111 seconds.
  path: Assets/Prefabs/Enemies/WalkingZombie.prefab
  artifactKey: Guid(a949829a9d60b2f4d96bc24efb26d74a) Importer(815301076,1909f56bfc062723c751e8b465ee728b)
Start importing Assets/Prefabs/Enemies/WalkingZombie.prefab using Guid(a949829a9d60b2f4d96bc24efb26d74a) Importer(815301076,1909f56bfc062723c751e8b465ee728b)  -> (artifact id: '6c8cdf5e99f47fc850f6936472025eeb') in 0.064871 seconds 
  Import took 0.087383 seconds .

========================================================================
Received Import Request.
  Time since last request: 3.899993 seconds.
  path: Assets/Prefabs/Enemies/WalkingZombie.prefab
  artifactKey: Guid(a949829a9d60b2f4d96bc24efb26d74a) Importer(815301076,1909f56bfc062723c751e8b465ee728b)
Start importing Assets/Prefabs/Enemies/WalkingZombie.prefab using Guid(a949829a9d60b2f4d96bc24efb26d74a) Importer(815301076,1909f56bfc062723c751e8b465ee728b)  -> (artifact id: '629b54aa365e823cbc6dde414600c7c3') in 0.062252 seconds 
  Import took 0.096863 seconds .

========================================================================
Received Prepare
Registering precompiled user dll's ...
Registered in 0.002582 seconds.
Begin MonoManager ReloadAssembly
Native extension for Lumin target not found
Native extension for LinuxStandalone target not found
Native extension for WindowsStandalone target not found
Native extension for OSXStandalone target not found
Native extension for WebGL target not found
Refreshing native plugins compatible for Editor in 0.90 ms, found 1 plugins.
Preloading 0 native plugins for Editor in 0.00 ms.
Mono: successfully reloaded assembly
- Completed reload, in  3.541 seconds
Domain Reload Profiling:
	ReloadAssembly (3542ms)
		BeginReloadAssembly (375ms)
			ExecutionOrderSort (0ms)
			DisableScriptedObjects (24ms)
			BackupInstance (0ms)
			ReleaseScriptingObjects (0ms)
			CreateAndSetChildDomain (103ms)
		EndReloadAssembly (2974ms)
			LoadAssemblies (420ms)
			RebuildTransferFunctionScriptingTraits (0ms)
			SetupTypeCache (954ms)
			ReleaseScriptCaches (3ms)
			RebuildScriptCaches (172ms)
			SetupLoadedEditorAssemblies (970ms)
				LogAssemblyErrors (0ms)
				InitializePlatformSupportModulesInManaged (24ms)
				SetLoadedEditorAssemblies (1ms)
				RefreshPlugins (1ms)
				BeforeProcessingInitializeOnLoad (360ms)
				ProcessInitializeOnLoadAttributes (545ms)
				ProcessInitializeOnLoadMethodAttributes (28ms)
				AfterProcessingInitializeOnLoad (9ms)
				EditorAssembliesLoaded (0ms)
			ExecutionOrderSort2 (0ms)
			AwakeInstancesAfterBackupRestoration (35ms)
Platform modules already initialized, skipping
Refreshing native plugins compatible for Editor in 1.46 ms, found 1 plugins.
Preloading 0 native plugins for Editor in 0.00 ms.
Unloading 2216 Unused Serialized files (Serialized files now loaded: 0)
System memory in use before: 195.0 MB.
System memory in use after: 195.2 MB.

Unloading 9 unused Assets to reduce memory usage. Loaded Objects now: 2771.
Total: 5.689400 ms (FindLiveObjects: 0.368300 ms CreateObjectMapping: 0.196900 ms MarkObjects: 4.963200 ms  DeleteObjects: 0.156900 ms)

AssetImportParameters requested are different than current active one (requested -> active):
  custom:framework-win-MediaFoundation: 216162199b28c13a410421893ffa2e32 -> 
  custom:video-decoder-ogg-theora: a1e56fd34408186e4bbccfd4996cb3dc -> 
  custom:container-muxer-webm: aa71ff27fc2769a1b78a27578f13a17b -> 
  custom:container-demuxer-webm: 4f35f7cbe854078d1ac9338744f61a02 -> 
  custom:container-demuxer-ogg: 62fdf1f143b41e24485cea50d1cbac27 -> 
  custom:video-encoder-webm-vp8: eb34c28f22e8b96e1ab97ce403110664 -> 
  custom:video-decoder-webm-vp8: 9c59270c3fd7afecdb556c50c9e8de78 -> 
  custom:audio-decoder-ogg-vorbis: bf7c407c2cedff20999df2af8eb42d56 -> 
  custom:audio-encoder-webm-vorbis: bf7c407c2cedff20999df2af8eb42d56 -> 
========================================================================
Received Import Request.
  Time since last request: 358.734851 seconds.
  path: Assets/Prefabs/Enemies/WalkingZombie.prefab
  artifactKey: Guid(a949829a9d60b2f4d96bc24efb26d74a) Importer(815301076,1909f56bfc062723c751e8b465ee728b)
Start importing Assets/Prefabs/Enemies/WalkingZombie.prefab using Guid(a949829a9d60b2f4d96bc24efb26d74a) Importer(815301076,1909f56bfc062723c751e8b465ee728b)  -> (artifact id: '5ce46f41e3469147495e9af6f545c15f') in 0.352392 seconds 
  Import took 0.394954 seconds .

========================================================================
Received Import Request.
  Time since last request: 2.915364 seconds.
  path: Assets/Prefabs/Enemies/WalkingZombie.prefab
  artifactKey: Guid(a949829a9d60b2f4d96bc24efb26d74a) Importer(815301076,1909f56bfc062723c751e8b465ee728b)
Start importing Assets/Prefabs/Enemies/WalkingZombie.prefab using Guid(a949829a9d60b2f4d96bc24efb26d74a) Importer(815301076,1909f56bfc062723c751e8b465ee728b)  -> (artifact id: '9c023b59ba95988f4d4f7493849aa996') in 0.069507 seconds 
  Import took 0.111453 seconds .

========================================================================
Received Import Request.
  Time since last request: 0.032930 seconds.
  path: Assets/Prefabs/Enemies/WalkingZombie.prefab
  artifactKey: Guid(a949829a9d60b2f4d96bc24efb26d74a) Importer(815301076,1909f56bfc062723c751e8b465ee728b)
Start importing Assets/Prefabs/Enemies/WalkingZombie.prefab using Guid(a949829a9d60b2f4d96bc24efb26d74a) Importer(815301076,1909f56bfc062723c751e8b465ee728b)  -> (artifact id: '9c023b59ba95988f4d4f7493849aa996') in 0.065522 seconds 
  Import took 0.084210 seconds .

========================================================================
Received Prepare
Registering precompiled user dll's ...
Registered in 0.003679 seconds.
Begin MonoManager ReloadAssembly
Native extension for Lumin target not found
Native extension for LinuxStandalone target not found
Native extension for WindowsStandalone target not found
Native extension for OSXStandalone target not found
Native extension for WebGL target not found
Refreshing native plugins compatible for Editor in 0.85 ms, found 1 plugins.
Preloading 0 native plugins for Editor in 0.00 ms.
Mono: successfully reloaded assembly
- Completed reload, in  2.261 seconds
Domain Reload Profiling:
	ReloadAssembly (2262ms)
		BeginReloadAssembly (401ms)
			ExecutionOrderSort (0ms)
			DisableScriptedObjects (21ms)
			BackupInstance (0ms)
			ReleaseScriptingObjects (0ms)
			CreateAndSetChildDomain (68ms)
		EndReloadAssembly (1689ms)
			LoadAssemblies (386ms)
			RebuildTransferFunctionScriptingTraits (0ms)
			SetupTypeCache (613ms)
			ReleaseScriptCaches (3ms)
			RebuildScriptCaches (86ms)
			SetupLoadedEditorAssemblies (514ms)
				LogAssemblyErrors (0ms)
				InitializePlatformSupportModulesInManaged (13ms)
				SetLoadedEditorAssemblies (1ms)
				RefreshPlugins (1ms)
				BeforeProcessingInitializeOnLoad (181ms)
				ProcessInitializeOnLoadAttributes (301ms)
				ProcessInitializeOnLoadMethodAttributes (12ms)
				AfterProcessingInitializeOnLoad (5ms)
				EditorAssembliesLoaded (0ms)
			ExecutionOrderSort2 (0ms)
			AwakeInstancesAfterBackupRestoration (23ms)
Platform modules already initialized, skipping
Refreshing native plugins compatible for Editor in 3.65 ms, found 1 plugins.
Preloading 0 native plugins for Editor in 0.00 ms.
Unloading 2216 Unused Serialized files (Serialized files now loaded: 0)
System memory in use before: 195.0 MB.
System memory in use after: 195.2 MB.

Unloading 9 unused Assets to reduce memory usage. Loaded Objects now: 2776.
Total: 3.253500 ms (FindLiveObjects: 0.414500 ms CreateObjectMapping: 0.142700 ms MarkObjects: 2.580400 ms  DeleteObjects: 0.113600 ms)

AssetImportParameters requested are different than current active one (requested -> active):
  custom:framework-win-MediaFoundation: 216162199b28c13a410421893ffa2e32 -> 
  custom:video-decoder-ogg-theora: a1e56fd34408186e4bbccfd4996cb3dc -> 
  custom:container-muxer-webm: aa71ff27fc2769a1b78a27578f13a17b -> 
  custom:container-demuxer-webm: 4f35f7cbe854078d1ac9338744f61a02 -> 
  custom:container-demuxer-ogg: 62fdf1f143b41e24485cea50d1cbac27 -> 
  custom:video-encoder-webm-vp8: eb34c28f22e8b96e1ab97ce403110664 -> 
  custom:video-decoder-webm-vp8: 9c59270c3fd7afecdb556c50c9e8de78 -> 
  custom:audio-decoder-ogg-vorbis: bf7c407c2cedff20999df2af8eb42d56 -> 
  custom:audio-encoder-webm-vorbis: bf7c407c2cedff20999df2af8eb42d56 -> 
========================================================================
Received Prepare
Registering precompiled user dll's ...
Registered in 0.003920 seconds.
Begin MonoManager ReloadAssembly
Native extension for Lumin target not found
Native extension for LinuxStandalone target not found
Native extension for WindowsStandalone target not found
Native extension for OSXStandalone target not found
Native extension for WebGL target not found
Refreshing native plugins compatible for Editor in 1.69 ms, found 1 plugins.
Preloading 0 native plugins for Editor in 0.00 ms.
Mono: successfully reloaded assembly
- Completed reload, in  4.958 seconds
Domain Reload Profiling:
	ReloadAssembly (4962ms)
		BeginReloadAssembly (479ms)
			ExecutionOrderSort (0ms)
			DisableScriptedObjects (43ms)
			BackupInstance (0ms)
			ReleaseScriptingObjects (0ms)
			CreateAndSetChildDomain (119ms)
		EndReloadAssembly (4128ms)
			LoadAssemblies (498ms)
			RebuildTransferFunctionScriptingTraits (0ms)
			SetupTypeCache (1291ms)
			ReleaseScriptCaches (6ms)
			RebuildScriptCaches (235ms)
			SetupLoadedEditorAssemblies (1360ms)
				LogAssemblyErrors (0ms)
				InitializePlatformSupportModulesInManaged (43ms)
				SetLoadedEditorAssemblies (1ms)
				RefreshPlugins (2ms)
				BeforeProcessingInitializeOnLoad (460ms)
				ProcessInitializeOnLoadAttributes (808ms)
				ProcessInitializeOnLoadMethodAttributes (32ms)
				AfterProcessingInitializeOnLoad (13ms)
				EditorAssembliesLoaded (1ms)
			ExecutionOrderSort2 (0ms)
			AwakeInstancesAfterBackupRestoration (58ms)
Platform modules already initialized, skipping
Refreshing native plugins compatible for Editor in 2.34 ms, found 1 plugins.
Preloading 0 native plugins for Editor in 0.00 ms.
Unloading 2216 Unused Serialized files (Serialized files now loaded: 0)
System memory in use before: 195.0 MB.
System memory in use after: 195.2 MB.

Unloading 9 unused Assets to reduce memory usage. Loaded Objects now: 2780.
Total: 18.924400 ms (FindLiveObjects: 0.894500 ms CreateObjectMapping: 0.252800 ms MarkObjects: 17.663400 ms  DeleteObjects: 0.110100 ms)

AssetImportParameters requested are different than current active one (requested -> active):
  custom:framework-win-MediaFoundation: 216162199b28c13a410421893ffa2e32 -> 
  custom:video-decoder-ogg-theora: a1e56fd34408186e4bbccfd4996cb3dc -> 
  custom:container-muxer-webm: aa71ff27fc2769a1b78a27578f13a17b -> 
  custom:container-demuxer-webm: 4f35f7cbe854078d1ac9338744f61a02 -> 
  custom:container-demuxer-ogg: 62fdf1f143b41e24485cea50d1cbac27 -> 
  custom:video-encoder-webm-vp8: eb34c28f22e8b96e1ab97ce403110664 -> 
  custom:video-decoder-webm-vp8: 9c59270c3fd7afecdb556c50c9e8de78 -> 
  custom:audio-decoder-ogg-vorbis: bf7c407c2cedff20999df2af8eb42d56 -> 
  custom:audio-encoder-webm-vorbis: bf7c407c2cedff20999df2af8eb42d56 -> 
========================================================================
Received Import Request.
  Time since last request: 850.949238 seconds.
  path: Assets/Prefabs/Enemies/Red enemy.prefab
  artifactKey: Guid(c746461c2a379684b908c2b28e8a8585) Importer(815301076,1909f56bfc062723c751e8b465ee728b)
Start importing Assets/Prefabs/Enemies/Red enemy.prefab using Guid(c746461c2a379684b908c2b28e8a8585) Importer(815301076,1909f56bfc062723c751e8b465ee728b)  -> (artifact id: '5d77b218efef1f9a1f2ffbf6acdfafe1') in 0.385318 seconds 
  Import took 0.440408 seconds .

========================================================================
Received Import Request.
  Time since last request: 23.813415 seconds.
  path: Assets/Animations/RedBotController.controller
  artifactKey: Guid(9047fd7e42d3be4418ebe44e65d92ab8) Importer(815301076,1909f56bfc062723c751e8b465ee728b)
Start importing Assets/Animations/RedBotController.controller using Guid(9047fd7e42d3be4418ebe44e65d92ab8) Importer(815301076,1909f56bfc062723c751e8b465ee728b)  -> (artifact id: 'd6b2730c4da66dbe1d3a513092676bb1') in 0.031619 seconds 
  Import took 0.059585 seconds .

========================================================================
Received Import Request.
  Time since last request: 36.514467 seconds.
  path: Assets/Animations/HumanStun.anim
  artifactKey: Guid(7728956c91a44cc4682ec801ac9823ba) Importer(815301076,1909f56bfc062723c751e8b465ee728b)
Start importing Assets/Animations/HumanStun.anim using Guid(7728956c91a44cc4682ec801ac9823ba) Importer(815301076,1909f56bfc062723c751e8b465ee728b)  -> (artifact id: 'c7560592e521d5d2576f9ca3dd7c6e00') in 0.051930 seconds 
  Import took 0.071750 seconds .

========================================================================
Received Import Request.
  Time since last request: 9.551448 seconds.
  path: Assets/Animations/RedBotStun.anim
  artifactKey: Guid(102399ea6bc4ff74db30ca8cee33b714) Importer(815301076,1909f56bfc062723c751e8b465ee728b)
Start importing Assets/Animations/RedBotStun.anim using Guid(102399ea6bc4ff74db30ca8cee33b714) Importer(815301076,1909f56bfc062723c751e8b465ee728b)  -> (artifact id: 'a9fd0a04ec9afad055b75f329e5faf05') in 0.025633 seconds 
  Import took 0.065526 seconds .

========================================================================
Received Import Request.
  Time since last request: 15.317973 seconds.
  path: Assets/Animations/RedBotWalk.anim
  artifactKey: Guid(08164a9ddc994c443ac7c208b2d5d464) Importer(815301076,1909f56bfc062723c751e8b465ee728b)
Start importing Assets/Animations/RedBotWalk.anim using Guid(08164a9ddc994c443ac7c208b2d5d464) Importer(815301076,1909f56bfc062723c751e8b465ee728b)  -> (artifact id: '0068a77348c48b3859998369fd13c1d7') in 0.038462 seconds 
  Import took 0.067011 seconds .

========================================================================
Received Import Request.
  Time since last request: 120.352682 seconds.
  path: Assets/Prefabs/Enemies/WalkingZombie.prefab
  artifactKey: Guid(a949829a9d60b2f4d96bc24efb26d74a) Importer(815301076,1909f56bfc062723c751e8b465ee728b)
Start importing Assets/Prefabs/Enemies/WalkingZombie.prefab using Guid(a949829a9d60b2f4d96bc24efb26d74a) Importer(815301076,1909f56bfc062723c751e8b465ee728b)  -> (artifact id: 'f7ef92e987583ea630cadd03e92508fa') in 0.096860 seconds 
  Import took 0.142765 seconds .

========================================================================
Received Prepare
Registering precompiled user dll's ...
Registered in 0.002039 seconds.
Begin MonoManager ReloadAssembly
Native extension for Lumin target not found
Native extension for LinuxStandalone target not found
Native extension for WindowsStandalone target not found
Native extension for OSXStandalone target not found
Native extension for WebGL target not found
Refreshing native plugins compatible for Editor in 0.76 ms, found 1 plugins.
Preloading 0 native plugins for Editor in 0.00 ms.
Mono: successfully reloaded assembly
- Completed reload, in  2.532 seconds
Domain Reload Profiling:
	ReloadAssembly (2533ms)
		BeginReloadAssembly (218ms)
			ExecutionOrderSort (0ms)
			DisableScriptedObjects (15ms)
			BackupInstance (0ms)
			ReleaseScriptingObjects (0ms)
			CreateAndSetChildDomain (65ms)
		EndReloadAssembly (2178ms)
			LoadAssemblies (193ms)
			RebuildTransferFunctionScriptingTraits (0ms)
			SetupTypeCache (673ms)
			ReleaseScriptCaches (2ms)
			RebuildScriptCaches (122ms)
			SetupLoadedEditorAssemblies (514ms)
				LogAssemblyErrors (0ms)
				InitializePlatformSupportModulesInManaged (14ms)
				SetLoadedEditorAssemblies (1ms)
				RefreshPlugins (1ms)
				BeforeProcessingInitializeOnLoad (185ms)
				ProcessInitializeOnLoadAttributes (292ms)
				ProcessInitializeOnLoadMethodAttributes (13ms)
				AfterProcessingInitializeOnLoad (9ms)
				EditorAssembliesLoaded (0ms)
			ExecutionOrderSort2 (0ms)
			AwakeInstancesAfterBackupRestoration (28ms)
Platform modules already initialized, skipping
Refreshing native plugins compatible for Editor in 1.43 ms, found 1 plugins.
Preloading 0 native plugins for Editor in 0.00 ms.
Unloading 2216 Unused Serialized files (Serialized files now loaded: 0)
System memory in use before: 195.0 MB.
System memory in use after: 195.2 MB.

Unloading 9 unused Assets to reduce memory usage. Loaded Objects now: 2785.
Total: 3.472800 ms (FindLiveObjects: 0.395200 ms CreateObjectMapping: 0.162100 ms MarkObjects: 2.794000 ms  DeleteObjects: 0.119300 ms)

AssetImportParameters requested are different than current active one (requested -> active):
  custom:framework-win-MediaFoundation: 216162199b28c13a410421893ffa2e32 -> 
  custom:video-decoder-ogg-theora: a1e56fd34408186e4bbccfd4996cb3dc -> 
  custom:container-muxer-webm: aa71ff27fc2769a1b78a27578f13a17b -> 
  custom:container-demuxer-webm: 4f35f7cbe854078d1ac9338744f61a02 -> 
  custom:container-demuxer-ogg: 62fdf1f143b41e24485cea50d1cbac27 -> 
  custom:video-encoder-webm-vp8: eb34c28f22e8b96e1ab97ce403110664 -> 
  custom:video-decoder-webm-vp8: 9c59270c3fd7afecdb556c50c9e8de78 -> 
  custom:audio-decoder-ogg-vorbis: bf7c407c2cedff20999df2af8eb42d56 -> 
  custom:audio-encoder-webm-vorbis: bf7c407c2cedff20999df2af8eb42d56 -> 
========================================================================
Received Import Request.
  Time since last request: 321.309915 seconds.
  path: Assets/Prefabs/Enemies/Red enemy.prefab
  artifactKey: Guid(c746461c2a379684b908c2b28e8a8585) Importer(815301076,1909f56bfc062723c751e8b465ee728b)
Start importing Assets/Prefabs/Enemies/Red enemy.prefab using Guid(c746461c2a379684b908c2b28e8a8585) Importer(815301076,1909f56bfc062723c751e8b465ee728b)  -> (artifact id: '08f115db2894b4cd792d82c90d91743d') in 0.244299 seconds 
  Import took 0.273646 seconds .

========================================================================
Received Import Request.
  Time since last request: 934.999548 seconds.
  path: Assets/Prefabs/Enemies/Red enemy.prefab
  artifactKey: Guid(c746461c2a379684b908c2b28e8a8585) Importer(815301076,1909f56bfc062723c751e8b465ee728b)
Start importing Assets/Prefabs/Enemies/Red enemy.prefab using Guid(c746461c2a379684b908c2b28e8a8585) Importer(815301076,1909f56bfc062723c751e8b465ee728b) The Animator Controller (RedBotController) you have used is not valid. Animations will not play
UnityEngine.StackTraceUtility:ExtractStackTrace ()
UnityEditor.EditorUtility:Internal_InstantiateRemoveAllNonAnimationComponentsSingle (UnityEngine.Object,UnityEngine.Vector3,UnityEngine.Quaternion)
UnityEditor.EditorUtility:InstantiateRemoveAllNonAnimationComponents (UnityEngine.Object,UnityEngine.Vector3,UnityEngine.Quaternion)
UnityEditor.EditorUtility:InstantiateForAnimatorPreview (UnityEngine.Object)
UnityEditor.GameObjectInspector/PreviewData:UpdateGameObject (UnityEngine.Object)
UnityEditor.GameObjectInspector/PreviewData:.ctor (UnityEngine.Object)
UnityEditor.GameObjectInspector:GetPreviewData ()
UnityEditor.GameObjectInspector:RenderStaticPreview (string,UnityEngine.Object[],int,int)
UnityEditor.AssetPreviewUpdater:CreatePreviewForAsset (UnityEngine.Object,UnityEngine.Object[],string)

[C:\buildslave\unity\build\Modules/Animation/Director/AnimatorControllerPlayable.cpp line 333]

The Animator Controller (RedBotController) you have used is not valid. Animations will not play
UnityEngine.StackTraceUtility:ExtractStackTrace ()
UnityEditor.EditorUtility:InitInstantiatedPreviewRecursive (UnityEngine.GameObject)
UnityEditor.EditorUtility:InstantiateForAnimatorPreview (UnityEngine.Object)
UnityEditor.GameObjectInspector/PreviewData:UpdateGameObject (UnityEngine.Object)
UnityEditor.GameObjectInspector/PreviewData:.ctor (UnityEngine.Object)
UnityEditor.GameObjectInspector:GetPreviewData ()
UnityEditor.GameObjectInspector:RenderStaticPreview (string,UnityEngine.Object[],int,int)
UnityEditor.AssetPreviewUpdater:CreatePreviewForAsset (UnityEngine.Object,UnityEngine.Object[],string)

[C:\buildslave\unity\build\Modules/Animation/Director/AnimatorControllerPlayable.cpp line 333]

 -> (artifact id: 'e93d8dfe0276f25e2f7d7af463a04093') in 0.065116 seconds 
  Import took 0.072284 seconds .

========================================================================
Received Prepare
Registering precompiled user dll's ...
Registered in 0.001800 seconds.
Begin MonoManager ReloadAssembly
Native extension for Lumin target not found
Native extension for LinuxStandalone target not found
Native extension for WindowsStandalone target not found
Native extension for OSXStandalone target not found
Native extension for WebGL target not found
Refreshing native plugins compatible for Editor in 1.49 ms, found 1 plugins.
Preloading 0 native plugins for Editor in 0.00 ms.
Mono: successfully reloaded assembly
- Completed reload, in  2.376 seconds
Domain Reload Profiling:
	ReloadAssembly (2377ms)
		BeginReloadAssembly (255ms)
			ExecutionOrderSort (0ms)
			DisableScriptedObjects (16ms)
			BackupInstance (0ms)
			ReleaseScriptingObjects (0ms)
			CreateAndSetChildDomain (91ms)
		EndReloadAssembly (1998ms)
			LoadAssemblies (237ms)
			RebuildTransferFunctionScriptingTraits (0ms)
			SetupTypeCache (857ms)
			ReleaseScriptCaches (2ms)
			RebuildScriptCaches (108ms)
			SetupLoadedEditorAssemblies (535ms)
				LogAssemblyErrors (0ms)
				InitializePlatformSupportModulesInManaged (14ms)
				SetLoadedEditorAssemblies (1ms)
				RefreshPlugins (2ms)
				BeforeProcessingInitializeOnLoad (176ms)
				ProcessInitializeOnLoadAttributes (317ms)
				ProcessInitializeOnLoadMethodAttributes (19ms)
				AfterProcessingInitializeOnLoad (6ms)
				EditorAssembliesLoaded (0ms)
			ExecutionOrderSort2 (0ms)
			AwakeInstancesAfterBackupRestoration (24ms)
Platform modules already initialized, skipping
Refreshing native plugins compatible for Editor in 0.77 ms, found 1 plugins.
Preloading 0 native plugins for Editor in 0.00 ms.
Unloading 2216 Unused Serialized files (Serialized files now loaded: 0)
System memory in use before: 194.9 MB.
System memory in use after: 195.1 MB.

Unloading 9 unused Assets to reduce memory usage. Loaded Objects now: 2790.
Total: 5.587000 ms (FindLiveObjects: 0.298000 ms CreateObjectMapping: 0.139800 ms MarkObjects: 5.021200 ms  DeleteObjects: 0.125300 ms)

AssetImportParameters requested are different than current active one (requested -> active):
  custom:framework-win-MediaFoundation: 216162199b28c13a410421893ffa2e32 -> 
  custom:video-decoder-ogg-theora: a1e56fd34408186e4bbccfd4996cb3dc -> 
  custom:container-muxer-webm: aa71ff27fc2769a1b78a27578f13a17b -> 
  custom:container-demuxer-webm: 4f35f7cbe854078d1ac9338744f61a02 -> 
  custom:container-demuxer-ogg: 62fdf1f143b41e24485cea50d1cbac27 -> 
  custom:video-encoder-webm-vp8: eb34c28f22e8b96e1ab97ce403110664 -> 
  custom:video-decoder-webm-vp8: 9c59270c3fd7afecdb556c50c9e8de78 -> 
  custom:audio-decoder-ogg-vorbis: bf7c407c2cedff20999df2af8eb42d56 -> 
  custom:audio-encoder-webm-vorbis: bf7c407c2cedff20999df2af8eb42d56 -> 
========================================================================
Received Import Request.
  Time since last request: 11.255623 seconds.
  path: Assets/Prefabs/Enemies/RedBot.prefab
  artifactKey: Guid(c746461c2a379684b908c2b28e8a8585) Importer(815301076,1909f56bfc062723c751e8b465ee728b)
Start importing Assets/Prefabs/Enemies/RedBot.prefab using Guid(c746461c2a379684b908c2b28e8a8585) Importer(815301076,1909f56bfc062723c751e8b465ee728b) The Animator Controller (RedBotController) you have used is not valid. Animations will not play
UnityEngine.StackTraceUtility:ExtractStackTrace ()
UnityEditor.EditorUtility:Internal_InstantiateRemoveAllNonAnimationComponentsSingle (UnityEngine.Object,UnityEngine.Vector3,UnityEngine.Quaternion)
UnityEditor.EditorUtility:InstantiateRemoveAllNonAnimationComponents (UnityEngine.Object,UnityEngine.Vector3,UnityEngine.Quaternion)
UnityEditor.EditorUtility:InstantiateForAnimatorPreview (UnityEngine.Object)
UnityEditor.GameObjectInspector/PreviewData:UpdateGameObject (UnityEngine.Object)
UnityEditor.GameObjectInspector/PreviewData:.ctor (UnityEngine.Object)
UnityEditor.GameObjectInspector:GetPreviewData ()
UnityEditor.GameObjectInspector:RenderStaticPreview (string,UnityEngine.Object[],int,int)
UnityEditor.AssetPreviewUpdater:CreatePreviewForAsset (UnityEngine.Object,UnityEngine.Object[],string)

[C:\buildslave\unity\build\Modules/Animation/Director/AnimatorControllerPlayable.cpp line 333]

The Animator Controller (RedBotController) you have used is not valid. Animations will not play
UnityEngine.StackTraceUtility:ExtractStackTrace ()
UnityEditor.EditorUtility:InitInstantiatedPreviewRecursive (UnityEngine.GameObject)
UnityEditor.EditorUtility:InstantiateForAnimatorPreview (UnityEngine.Object)
UnityEditor.GameObjectInspector/PreviewData:UpdateGameObject (UnityEngine.Object)
UnityEditor.GameObjectInspector/PreviewData:.ctor (UnityEngine.Object)
UnityEditor.GameObjectInspector:GetPreviewData ()
UnityEditor.GameObjectInspector:RenderStaticPreview (string,UnityEngine.Object[],int,int)
UnityEditor.AssetPreviewUpdater:CreatePreviewForAsset (UnityEngine.Object,UnityEngine.Object[],string)

[C:\buildslave\unity\build\Modules/Animation/Director/AnimatorControllerPlayable.cpp line 333]

 -> (artifact id: '34d2490be3736d124e9848f7a86d1935') in 0.158022 seconds 
  Import took 0.205917 seconds .

========================================================================
Received Prepare
Registering precompiled user dll's ...
Registered in 0.001666 seconds.
Begin MonoManager ReloadAssembly
Native extension for Lumin target not found
Native extension for LinuxStandalone target not found
Native extension for WindowsStandalone target not found
Native extension for OSXStandalone target not found
Native extension for WebGL target not found
Refreshing native plugins compatible for Editor in 0.86 ms, found 1 plugins.
Preloading 0 native plugins for Editor in 0.00 ms.
Mono: successfully reloaded assembly
- Completed reload, in  2.138 seconds
Domain Reload Profiling:
	ReloadAssembly (2138ms)
		BeginReloadAssembly (249ms)
			ExecutionOrderSort (0ms)
			DisableScriptedObjects (12ms)
			BackupInstance (0ms)
			ReleaseScriptingObjects (0ms)
			CreateAndSetChildDomain (49ms)
		EndReloadAssembly (1744ms)
			LoadAssemblies (237ms)
			RebuildTransferFunctionScriptingTraits (0ms)
			SetupTypeCache (465ms)
			ReleaseScriptCaches (1ms)
			RebuildScriptCaches (85ms)
			SetupLoadedEditorAssemblies (657ms)
				LogAssemblyErrors (0ms)
				InitializePlatformSupportModulesInManaged (13ms)
				SetLoadedEditorAssemblies (1ms)
				RefreshPlugins (1ms)
				BeforeProcessingInitializeOnLoad (183ms)
				ProcessInitializeOnLoadAttributes (442ms)
				ProcessInitializeOnLoadMethodAttributes (12ms)
				AfterProcessingInitializeOnLoad (6ms)
				EditorAssembliesLoaded (0ms)
			ExecutionOrderSort2 (0ms)
			AwakeInstancesAfterBackupRestoration (20ms)
Platform modules already initialized, skipping
Refreshing native plugins compatible for Editor in 1.24 ms, found 1 plugins.
Preloading 0 native plugins for Editor in 0.00 ms.
Unloading 2216 Unused Serialized files (Serialized files now loaded: 0)
System memory in use before: 195.0 MB.
System memory in use after: 195.2 MB.

Unloading 9 unused Assets to reduce memory usage. Loaded Objects now: 2795.
Total: 5.451200 ms (FindLiveObjects: 0.412800 ms CreateObjectMapping: 0.147500 ms MarkObjects: 4.760800 ms  DeleteObjects: 0.126900 ms)

AssetImportParameters requested are different than current active one (requested -> active):
  custom:framework-win-MediaFoundation: 216162199b28c13a410421893ffa2e32 -> 
  custom:video-decoder-ogg-theora: a1e56fd34408186e4bbccfd4996cb3dc -> 
  custom:container-muxer-webm: aa71ff27fc2769a1b78a27578f13a17b -> 
  custom:container-demuxer-webm: 4f35f7cbe854078d1ac9338744f61a02 -> 
  custom:container-demuxer-ogg: 62fdf1f143b41e24485cea50d1cbac27 -> 
  custom:video-encoder-webm-vp8: eb34c28f22e8b96e1ab97ce403110664 -> 
  custom:video-decoder-webm-vp8: 9c59270c3fd7afecdb556c50c9e8de78 -> 
  custom:audio-decoder-ogg-vorbis: bf7c407c2cedff20999df2af8eb42d56 -> 
  custom:audio-encoder-webm-vorbis: bf7c407c2cedff20999df2af8eb42d56 -> 
========================================================================
Received Import Request.
  Time since last request: 158.684544 seconds.
  path: Assets/Scenes/Levels/3
  artifactKey: Guid(c912381faeae1cc4d9cbb36765cc581d) Importer(815301076,1909f56bfc062723c751e8b465ee728b)
Start importing Assets/Scenes/Levels/3 using Guid(c912381faeae1cc4d9cbb36765cc581d) Importer(815301076,1909f56bfc062723c751e8b465ee728b)  -> (artifact id: '31d02cde9bf78741a6488b9dd2571c30') in 0.019491 seconds 
  Import took 0.037738 seconds .

========================================================================
Received Import Request.
  Time since last request: 0.097148 seconds.
  path: Assets/Scenes/Levels/3/NavMesh.asset
  artifactKey: Guid(48f4efb430eabea4d9f82ee72d5a886b) Importer(815301076,1909f56bfc062723c751e8b465ee728b)
Start importing Assets/Scenes/Levels/3/NavMesh.asset using Guid(48f4efb430eabea4d9f82ee72d5a886b) Importer(815301076,1909f56bfc062723c751e8b465ee728b)  -> (artifact id: 'e87aa08048ac3f223a36573c3a5fee82') in 0.061652 seconds 
  Import took 0.093603 seconds .

========================================================================
Received Import Request.
  Time since last request: 6.457060 seconds.
  path: Assets/Scenes/Levels/1/New Lighting Settings.lighting
  artifactKey: Guid(3e10d93f8ae86364ead48bd8703c686f) Importer(815301076,1909f56bfc062723c751e8b465ee728b)
Start importing Assets/Scenes/Levels/1/New Lighting Settings.lighting using Guid(3e10d93f8ae86364ead48bd8703c686f) Importer(815301076,1909f56bfc062723c751e8b465ee728b)  -> (artifact id: '4201581d6bdc125bb26f9fd0d07b7d43') in 0.013376 seconds 
  Import took 0.042094 seconds .

========================================================================
Received Import Request.
  Time since last request: 0.053991 seconds.
  path: Assets/Scenes/Levels/1/New Lighting Settings.lighting
  artifactKey: Guid(3e10d93f8ae86364ead48bd8703c686f) Importer(815301076,1909f56bfc062723c751e8b465ee728b)
Start importing Assets/Scenes/Levels/1/New Lighting Settings.lighting using Guid(3e10d93f8ae86364ead48bd8703c686f) Importer(815301076,1909f56bfc062723c751e8b465ee728b)  -> (artifact id: '4201581d6bdc125bb26f9fd0d07b7d43') in 0.017166 seconds 
  Import took 0.030044 seconds .

========================================================================
Received Import Request.
  Time since last request: 15.213681 seconds.
  path: Assets/Scenes/Levels/4
  artifactKey: Guid(3c6e5743dec23e9418504cba9cc1c4f6) Importer(815301076,1909f56bfc062723c751e8b465ee728b)
Start importing Assets/Scenes/Levels/4 using Guid(3c6e5743dec23e9418504cba9cc1c4f6) Importer(815301076,1909f56bfc062723c751e8b465ee728b)  -> (artifact id: '3df6b5ca8ec317949b009496f29f4335') in 0.012985 seconds 
  Import took 0.042972 seconds .

========================================================================
Received Import Request.
  Time since last request: 11.503023 seconds.
  path: Assets/Scenes/Levels/1.unity
  artifactKey: Guid(a0f848d6c1a49c2408f53d7fcedc8bb0) Importer(815301076,1909f56bfc062723c751e8b465ee728b)
Start importing Assets/Scenes/Levels/1.unity using Guid(a0f848d6c1a49c2408f53d7fcedc8bb0) Importer(815301076,1909f56bfc062723c751e8b465ee728b)  -> (artifact id: '11d3b036075a7b90d7b12250c43532c9') in 0.019186 seconds 
  Import took 0.067249 seconds .

========================================================================
Received Import Request.
  Time since last request: 4.209011 seconds.
  path: Assets/Scenes/Levels/4.unity
  artifactKey: Guid(a0f848d6c1a49c2408f53d7fcedc8bb0) Importer(815301076,1909f56bfc062723c751e8b465ee728b)
Start importing Assets/Scenes/Levels/4.unity using Guid(a0f848d6c1a49c2408f53d7fcedc8bb0) Importer(815301076,1909f56bfc062723c751e8b465ee728b)  -> (artifact id: '98a7f2a5175589a4d35c84439e6de5c2') in 0.014833 seconds 
  Import took 0.029912 seconds .

========================================================================
Received Import Request.
  Time since last request: 6.495293 seconds.
  path: Assets/Scenes/Levels/1.unity
  artifactKey: Guid(30ff6cc8bb7d9b646b50bf24133ac16e) Importer(815301076,1909f56bfc062723c751e8b465ee728b)
Start importing Assets/Scenes/Levels/1.unity using Guid(30ff6cc8bb7d9b646b50bf24133ac16e) Importer(815301076,1909f56bfc062723c751e8b465ee728b)  -> (artifact id: '17dd2be04a7c9d85d326587c94f31034') in 0.004272 seconds 
  Import took 0.032583 seconds .

========================================================================
Received Import Request.
  Time since last request: 27.994336 seconds.
  path: Assets/Scenes/Levels/1.unity
  artifactKey: Guid(30ff6cc8bb7d9b646b50bf24133ac16e) Importer(815301076,1909f56bfc062723c751e8b465ee728b)
Start importing Assets/Scenes/Levels/1.unity using Guid(30ff6cc8bb7d9b646b50bf24133ac16e) Importer(815301076,1909f56bfc062723c751e8b465ee728b)  -> (artifact id: '59b2522f59ad74f203fc29013cfca094') in 0.003517 seconds 
  Import took 0.031176 seconds .

========================================================================
Received Import Request.
  Time since last request: 0.000430 seconds.
  path: Assets/Scenes/Levels/1.unity
  artifactKey: Guid(30ff6cc8bb7d9b646b50bf24133ac16e) Importer(815301076,1909f56bfc062723c751e8b465ee728b)
Start importing Assets/Scenes/Levels/1.unity using Guid(30ff6cc8bb7d9b646b50bf24133ac16e) Importer(815301076,1909f56bfc062723c751e8b465ee728b)  -> (artifact id: '59b2522f59ad74f203fc29013cfca094') in 0.005230 seconds 
  Import took 0.013127 seconds .

========================================================================
Received Prepare
Registering precompiled user dll's ...
Registered in 0.001516 seconds.
Begin MonoManager ReloadAssembly
Native extension for Lumin target not found
Native extension for LinuxStandalone target not found
Native extension for WindowsStandalone target not found
Native extension for OSXStandalone target not found
Native extension for WebGL target not found
Refreshing native plugins compatible for Editor in 0.73 ms, found 1 plugins.
Preloading 0 native plugins for Editor in 0.00 ms.
Mono: successfully reloaded assembly
- Completed reload, in  2.095 seconds
Domain Reload Profiling:
	ReloadAssembly (2095ms)
		BeginReloadAssembly (161ms)
			ExecutionOrderSort (0ms)
			DisableScriptedObjects (13ms)
			BackupInstance (0ms)
			ReleaseScriptingObjects (0ms)
			CreateAndSetChildDomain (46ms)
		EndReloadAssembly (1824ms)
			LoadAssemblies (156ms)
			RebuildTransferFunctionScriptingTraits (0ms)
			SetupTypeCache (484ms)
			ReleaseScriptCaches (2ms)
			RebuildScriptCaches (121ms)
			SetupLoadedEditorAssemblies (778ms)
				LogAssemblyErrors (0ms)
				InitializePlatformSupportModulesInManaged (13ms)
				SetLoadedEditorAssemblies (1ms)
				RefreshPlugins (1ms)
				BeforeProcessingInitializeOnLoad (155ms)
				ProcessInitializeOnLoadAttributes (589ms)
				ProcessInitializeOnLoadMethodAttributes (14ms)
				AfterProcessingInitializeOnLoad (5ms)
				EditorAssembliesLoaded (0ms)
			ExecutionOrderSort2 (0ms)
			AwakeInstancesAfterBackupRestoration (22ms)
Platform modules already initialized, skipping
Refreshing native plugins compatible for Editor in 0.79 ms, found 1 plugins.
Preloading 0 native plugins for Editor in 0.00 ms.
Unloading 2216 Unused Serialized files (Serialized files now loaded: 0)
System memory in use before: 195.1 MB.
System memory in use after: 195.3 MB.

Unloading 9 unused Assets to reduce memory usage. Loaded Objects now: 2799.
Total: 5.218500 ms (FindLiveObjects: 0.304200 ms CreateObjectMapping: 0.141700 ms MarkObjects: 4.597300 ms  DeleteObjects: 0.172300 ms)

AssetImportParameters requested are different than current active one (requested -> active):
  custom:framework-win-MediaFoundation: 216162199b28c13a410421893ffa2e32 -> 
  custom:video-decoder-ogg-theora: a1e56fd34408186e4bbccfd4996cb3dc -> 
  custom:container-muxer-webm: aa71ff27fc2769a1b78a27578f13a17b -> 
  custom:container-demuxer-webm: 4f35f7cbe854078d1ac9338744f61a02 -> 
  custom:container-demuxer-ogg: 62fdf1f143b41e24485cea50d1cbac27 -> 
  custom:video-encoder-webm-vp8: eb34c28f22e8b96e1ab97ce403110664 -> 
  custom:video-decoder-webm-vp8: 9c59270c3fd7afecdb556c50c9e8de78 -> 
  custom:audio-decoder-ogg-vorbis: bf7c407c2cedff20999df2af8eb42d56 -> 
  custom:audio-encoder-webm-vorbis: bf7c407c2cedff20999df2af8eb42d56 -> 
AssetImportWorkerClient::OnTransportError - code=2 error=End of file
